#
# There is insufficient memory for the Java Runtime Environment to continue.
# Native memory allocation (mmap) failed to map 65536 bytes for committing reserved memory.
# Possible reasons:
#   The system is out of physical RAM or swap space
#   In 32 bit mode, the process size limit was hit
# Possible solutions:
#   Reduce memory load on the system
#   Increase physical memory or swap space
#   Check if swap backing store is full
#   Use 64 bit Java on a 64 bit OS
#   Decrease Java heap size (-Xmx/-Xms)
#   Decrease number of Java threads
#   Decrease Java thread stack sizes (-Xss)
#   Set larger code cache with -XX:ReservedCodeCacheSize=
# This output file may be truncated or incomplete.
#
#  Out of Memory Error (os_linux.cpp:2643), pid=9689, tid=0x00007f6b14566700
#
# JRE version: OpenJDK Runtime Environment (8.0_181-b13) (build 1.8.0_181-8u181-b13-0ubuntu0.16.04.1-b13)
# Java VM: OpenJDK 64-Bit Server VM (25.181-b13 mixed mode linux-amd64 compressed oops)
# Failed to write core dump. Core dumps have been disabled. To enable core dumping, try "ulimit -c unlimited" before starting Java again
#

---------------  T H R E A D  ---------------

Current thread (0x00007f6b240b5800):  JavaThread "C2 CompilerThread0" daemon [_thread_in_vm, id=9707, stack(0x00007f6b14466000,0x00007f6b14567000)]

Stack: [0x00007f6b14466000,0x00007f6b14567000],  sp=0x00007f6b14563d90,  free space=1015k
Native frames: (J=compiled Java code, j=interpreted, Vv=VM code, C=native code)
V  [libjvm.so+0xa70edb]
V  [libjvm.so+0x4c893c]
V  [libjvm.so+0x8bda08]
V  [libjvm.so+0x8b7d9e]
V  [libjvm.so+0xa6d7c4]
V  [libjvm.so+0x5eb2bd]
V  [libjvm.so+0x449de6]
V  [libjvm.so+0x88d3b8]
V  [libjvm.so+0x3e07ff]
V  [libjvm.so+0x46d80d]
V  [libjvm.so+0x3baf21]
V  [libjvm.so+0x4787db]
V  [libjvm.so+0x47a617]
V  [libjvm.so+0xa15547]
V  [libjvm.so+0xa15a0c]
V  [libjvm.so+0x8bae12]
C  [libpthread.so.0+0x76ba]  start_thread+0xca


Current CompileTask:
C2: 286412 19388   !   4       org.apache.spark.sql.catalyst.expressions.GeneratedClass$GeneratedIterator::sort_addToSorter$ (4356 bytes)


---------------  P R O C E S S  ---------------

Java Threads: ( => current thread )
  0x00007f6b00007800 JavaThread "block-manager-slave-async-thread-pool-10" daemon [_thread_blocked, id=9882, stack(0x00007f6aef35e000,0x00007f6aef45f000)]
  0x00007f6b00006000 JavaThread "block-manager-slave-async-thread-pool-9" daemon [_thread_blocked, id=9881, stack(0x00007f6aed053000,0x00007f6aed154000)]
  0x00007f6b00004800 JavaThread "block-manager-slave-async-thread-pool-7" daemon [_thread_blocked, id=9874, stack(0x00007f6aea148000,0x00007f6aea249000)]
  0x00007f6afc08b800 JavaThread "stderr reader for /usr/bin/python3" daemon [_thread_in_native, id=9775, stack(0x00007f6aea84b000,0x00007f6aea94c000)]
  0x00007f6afc08a800 JavaThread "stdout reader for /usr/bin/python3" daemon [_thread_in_native, id=9774, stack(0x00007f6aea94c000,0x00007f6aeaa4d000)]
  0x00007f6afc088000 JavaThread "Idle Worker Monitor for /usr/bin/python3" daemon [_thread_blocked, id=9772, stack(0x00007f6aeaa4d000,0x00007f6aeab4e000)]
  0x00007f6b24dcb800 JavaThread "threadDeathWatcher-7-1" daemon [_thread_blocked, id=9766, stack(0x00007f6aecb50000,0x00007f6aecc51000)]
  0x00007f6b2417e000 JavaThread "shuffle-client-4-1" daemon [_thread_in_native, id=9765, stack(0x00007f6aecc51000,0x00007f6aecd52000)]
  0x00007f6af80db000 JavaThread "Thread-18" [_thread_in_native, id=9764, stack(0x00007f6aecf52000,0x00007f6aed053000)]
  0x00007f6b10142800 JavaThread "block-manager-ask-thread-pool-2" daemon [_thread_blocked, id=9760, stack(0x00007f6aed756000,0x00007f6aed857000)]
  0x00007f6b0803f800 JavaThread "Executor task launch worker for task 1603" daemon [_thread_blocked, id=9758, stack(0x00007f6aed958000,0x00007f6aeda59000)]
  0x00007f6b0800f000 JavaThread "task-result-getter-3" daemon [_thread_blocked, id=9757, stack(0x00007f6aee259000,0x00007f6aee35a000)]
  0x00007f6b10108800 JavaThread "task-result-getter-2" daemon [_thread_blocked, id=9756, stack(0x00007f6aeef5a000,0x00007f6aef05b000)]
  0x00007f6b100f7800 JavaThread "task-result-getter-1" daemon [_thread_blocked, id=9751, stack(0x00007f6aef45f000,0x00007f6aef560000)]
  0x00007f6b08031000 JavaThread "task-result-getter-0" daemon [_thread_blocked, id=9750, stack(0x00007f6aef760000,0x00007f6aef861000)]
  0x00007f6b04a33800 JavaThread "org.apache.hadoop.fs.FileSystem$Statistics$StatisticsDataReferenceCleaner" daemon [_thread_blocked, id=9748, stack(0x00007f6aefe6e000,0x00007f6aeff6f000)]
  0x00007f6b04bf4800 JavaThread "SparkListenerBus" daemon [_thread_blocked, id=9746, stack(0x00007f6af06d2000,0x00007f6af07d3000)]
  0x00007f6b04bf1000 JavaThread "context-cleaner-periodic-gc" daemon [_thread_blocked, id=9745, stack(0x00007f6af07d3000,0x00007f6af08d4000)]
  0x00007f6b04bef800 JavaThread "Spark Context Cleaner" daemon [_thread_blocked, id=9744, stack(0x00007f6af08d4000,0x00007f6af09d5000)]
  0x00007f6b048ff800 JavaThread "shuffle-server-5-1" daemon [_thread_in_native, id=9743, stack(0x00007f6af0bd5000,0x00007f6af0cd6000)]
  0x00007f6b048fb000 JavaThread "driver-heartbeater" daemon [_thread_blocked, id=9742, stack(0x00007f6af0cd6000,0x00007f6af0dd7000)]
  0x00007f6b0497c000 JavaThread "dag-scheduler-event-loop" daemon [_thread_blocked, id=9741, stack(0x00007f6af0dd7000,0x00007f6af0ed8000)]
  0x0000000002154800 JavaThread "netty-rpc-env-timeout" daemon [_thread_blocked, id=9740, stack(0x00007f6af0ed8000,0x00007f6af0fd9000)]
  0x00007f6b049bf800 JavaThread "Timer-0" daemon [_thread_blocked, id=9739, stack(0x00007f6af0fd9000,0x00007f6af10da000)]
  0x00007f6b10070800 JavaThread "heartbeat-receiver-event-loop-thread" daemon [_thread_blocked, id=9738, stack(0x00007f6af10da000,0x00007f6af11db000)]
  0x00007f6b0489c800 JavaThread "SparkUI-37" daemon [_thread_blocked, id=9737, stack(0x00007f6af11db000,0x00007f6af12dc000)]
  0x00007f6b0489b000 JavaThread "SparkUI-36" daemon [_thread_blocked, id=9736, stack(0x00007f6af12dc000,0x00007f6af13dd000)]
  0x00007f6b04899800 JavaThread "SparkUI-35" daemon [_thread_blocked, id=9735, stack(0x00007f6af13dd000,0x00007f6af14de000)]
  0x00007f6b04897800 JavaThread "SparkUI-34" daemon [_thread_blocked, id=9734, stack(0x00007f6af14de000,0x00007f6af15df000)]
  0x00007f6b04895800 JavaThread "SparkUI-33" daemon [_thread_blocked, id=9733, stack(0x00007f6af15df000,0x00007f6af16e0000)]
  0x00007f6b04894000 JavaThread "SparkUI-32" daemon [_thread_blocked, id=9732, stack(0x00007f6af16e0000,0x00007f6af17e1000)]
  0x00007f6b048e6000 JavaThread "SparkUI-31-acceptor-0@30283948-Spark@3eefc13d{HTTP/1.1}{0.0.0.0:4040}" daemon [_thread_in_native, id=9731, stack(0x00007f6af17e1000,0x00007f6af18e2000)]
  0x00007f6b048e9800 JavaThread "SparkUI-30-selector-ServerConnectorManager@26765a49/0" daemon [_thread_in_native, id=9730, stack(0x00007f6af18e2000,0x00007f6af19e3000)]
  0x00007f6b047df000 JavaThread "refresh progress" daemon [_thread_blocked, id=9728, stack(0x00007f6af1be3000,0x00007f6af1ce4000)]
  0x00007f6b04863000 JavaThread "map-output-dispatcher-7" daemon [_thread_blocked, id=9727, stack(0x00007f6af1ee4000,0x00007f6af1fe5000)]
  0x00007f6b047b0000 JavaThread "map-output-dispatcher-6" daemon [_thread_blocked, id=9726, stack(0x00007f6af1fe5000,0x00007f6af20e6000)]
  0x00007f6b0480a800 JavaThread "map-output-dispatcher-5" daemon [_thread_blocked, id=9725, stack(0x00007f6af20e6000,0x00007f6af21e7000)]
  0x00007f6b04808800 JavaThread "map-output-dispatcher-4" daemon [_thread_blocked, id=9724, stack(0x00007f6af21e7000,0x00007f6af22e8000)]
  0x00007f6b04807000 JavaThread "map-output-dispatcher-3" daemon [_thread_blocked, id=9723, stack(0x00007f6af22e8000,0x00007f6af23e9000)]
  0x00007f6b04805000 JavaThread "map-output-dispatcher-2" daemon [_thread_blocked, id=9722, stack(0x00007f6af23e9000,0x00007f6af24ea000)]
  0x00007f6b047b1800 JavaThread "map-output-dispatcher-1" daemon [_thread_blocked, id=9721, stack(0x00007f6af24ea000,0x00007f6af25eb000)]
  0x00007f6b04829000 JavaThread "map-output-dispatcher-0" daemon [_thread_blocked, id=9720, stack(0x00007f6af25eb000,0x00007f6af26ec000)]
  0x00007f6b0477a800 JavaThread "rpc-server-3-1" daemon [_thread_in_native, id=9719, stack(0x00007f6af26ec000,0x00007f6af27ed000)]
  0x00007f6b0461d800 JavaThread "dispatcher-event-loop-1" daemon [_thread_blocked, id=9718, stack(0x00007f6af2c13000,0x00007f6af2d14000)]
  0x00007f6b0461c800 JavaThread "dispatcher-event-loop-0" daemon [_thread_blocked, id=9717, stack(0x00007f6af3540000,0x00007f6af3641000)]
  0x00007f6b04332000 JavaThread "process reaper" daemon [_thread_in_native, id=9715, stack(0x00007f6af3641000,0x00007f6af367a000)]
  0x00007f6af8373000 JavaThread "Thread-2" [_thread_in_native, id=9713, stack(0x00007f6af3c84000,0x00007f6af3d85000)]
  0x00007f6b24d9d000 JavaThread "Thread-1" [_thread_in_native, id=9712, stack(0x00007f6af3d85000,0x00007f6af3e86000)]
  0x00007f6b24d8d800 JavaThread "pool-1-thread-1" [_thread_blocked, id=9711, stack(0x00007f6af3e86000,0x00007f6af3f87000)]
  0x00007f6b240bb000 JavaThread "Service Thread" daemon [_thread_blocked, id=9709, stack(0x00007f6b14264000,0x00007f6b14365000)]
  0x00007f6b240b7800 JavaThread "C1 CompilerThread1" daemon [_thread_blocked, id=9708, stack(0x00007f6b14365000,0x00007f6b14466000)]
=>0x00007f6b240b5800 JavaThread "C2 CompilerThread0" daemon [_thread_in_vm, id=9707, stack(0x00007f6b14466000,0x00007f6b14567000)]
  0x00007f6b240b4000 JavaThread "Signal Dispatcher" daemon [_thread_blocked, id=9706, stack(0x00007f6b14567000,0x00007f6b14668000)]
  0x00007f6b24081800 JavaThread "Finalizer" daemon [_thread_blocked, id=9705, stack(0x00007f6b2801a000,0x00007f6b2811b000)]
  0x00007f6b2407d000 JavaThread "Reference Handler" daemon [_thread_blocked, id=9704, stack(0x00007f6b2811b000,0x00007f6b2821c000)]
  0x00007f6b24011800 JavaThread "main" [_thread_in_native, id=9702, stack(0x00007f6b2c220000,0x00007f6b2c321000)]

Other Threads:
  0x00007f6b24075800 VMThread [stack: 0x00007f6b2821c000,0x00007f6b2831d000] [id=9703]
  0x00007f6b240bd800 WatcherThread [stack: 0x00007f6b14163000,0x00007f6b14264000] [id=9710]

VM state:not at safepoint (normal execution)

VM Mutex/Monitor currently owned by a thread:  ([mutex/lock_event])
[0x00007f6b2400cfc0] CodeCache_lock - owner thread: 0x00007f6b240b5800
[0x00007f6b2400e640] Compile_lock - owner thread: 0x00007f6b240b5800
[0x00007f6b2400e740] MethodCompileQueue_lock - owner thread: 0x00007f6b240b5800

Heap:
 def new generation   total 83392K, used 15233K [0x00000000c0000000, 0x00000000c5a70000, 0x00000000d5550000)
  eden space 74176K,  19% used [0x00000000c0000000, 0x00000000c0e69418, 0x00000000c4870000)
  from space 9216K,   5% used [0x00000000c4870000, 0x00000000c48e7380, 0x00000000c5170000)
  to   space 9216K,   0% used [0x00000000c5170000, 0x00000000c5170000, 0x00000000c5a70000)
 tenured generation   total 185040K, used 159490K [0x00000000d5550000, 0x00000000e0a04000, 0x0000000100000000)
   the space 185040K,  86% used [0x00000000d5550000, 0x00000000df110b08, 0x00000000df110c00, 0x00000000e0a04000)
 Metaspace       used 97865K, capacity 100384K, committed 100696K, reserved 1136640K
  class space    used 12615K, capacity 13018K, committed 13144K, reserved 1048576K

Card table byte_map: [0x00007f6b286b8000,0x00007f6b288b9000] byte_map_base: 0x00007f6b280b8000

Polling page: 0x00007f6b2c32c000

CodeCache: size=245760Kb used=46694Kb max_used=46863Kb free=199065Kb
 bounds [0x00007f6b15000000, 0x00007f6b17ea0000, 0x00007f6b24000000]
 total_blobs=14826 nmethods=14054 adapters=680
 compilation: enabled

Compilation events (10 events):
Event: 263.082 Thread 0x00007f6b240b7800 19403       3       org.apache.spark.SparkStageInfoImpl::<init> (50 bytes)
Event: 263.677 Thread 0x00007f6b240b7800 nmethod 19403 0x00007f6b15392d90 code [0x00007f6b15392f00, 0x00007f6b153930f0]
Event: 267.643 Thread 0x00007f6b240b7800 19414       3       org.apache.spark.scheduler.StageInfo$$anonfun$fromStage$2::apply (12 bytes)
Event: 267.951 Thread 0x00007f6b240b7800 nmethod 19414 0x00007f6b16bc8610 code [0x00007f6b16bc87a0, 0x00007f6b16bc8be0]
Event: 268.056 Thread 0x00007f6b240b7800 19415       3       org.apache.spark.scheduler.StageInfo$$anonfun$fromStage$2::apply (5 bytes)
Event: 268.370 Thread 0x00007f6b240b7800 nmethod 19415 0x00007f6b1585fc10 code [0x00007f6b1585fd80, 0x00007f6b1585ff70]
Event: 268.378 Thread 0x00007f6b240b7800 19418       3       scala.concurrent.impl.Promise$DefaultPromise::scala$concurrent$impl$Promise$DefaultPromise$$dispatchOrAddCallback (94 bytes)
Event: 269.190 Thread 0x00007f6b240b7800 nmethod 19418 0x00007f6b15549f50 code [0x00007f6b1554a160, 0x00007f6b1554afd0]
Event: 269.303 Thread 0x00007f6b240b7800 19416       1       scala.collection.Iterator$$anon$3::hasnext (5 bytes)
Event: 269.735 Thread 0x00007f6b240b7800 nmethod 19416 0x00007f6b15415a10 code [0x00007f6b15415b60, 0x00007f6b15415c70]

GC Heap History (10 events):
Event: 250.473 GC heap before
{Heap before GC invocations=730 (full 16):
 def new generation   total 83392K, used 76239K [0x00000000c0000000, 0x00000000c5a70000, 0x00000000d5550000)
  eden space 74176K, 100% used [0x00000000c0000000, 0x00000000c4870000, 0x00000000c4870000)
  from space 9216K,  22% used [0x00000000c5170000, 0x00000000c5373ee0, 0x00000000c5a70000)
  to   space 9216K,   0% used [0x00000000c4870000, 0x00000000c4870000, 0x00000000c5170000)
 tenured generation   total 185040K, used 151712K [0x00000000d5550000, 0x00000000e0a04000, 0x0000000100000000)
   the space 185040K,  81% used [0x00000000d5550000, 0x00000000de978388, 0x00000000de978400, 0x00000000e0a04000)
 Metaspace       used 97855K, capacity 100378K, committed 100696K, reserved 1136640K
  class space    used 12614K, capacity 13017K, committed 13144K, reserved 1048576K
Event: 250.905 GC heap after
Heap after GC invocations=731 (full 16):
 def new generation   total 83392K, used 8363K [0x00000000c0000000, 0x00000000c5a70000, 0x00000000d5550000)
  eden space 74176K,   0% used [0x00000000c0000000, 0x00000000c0000000, 0x00000000c4870000)
  from space 9216K,  90% used [0x00000000c4870000, 0x00000000c509ad10, 0x00000000c5170000)
  to   space 9216K,   0% used [0x00000000c5170000, 0x00000000c5170000, 0x00000000c5a70000)
 tenured generation   total 185040K, used 151712K [0x00000000d5550000, 0x00000000e0a04000, 0x0000000100000000)
   the space 185040K,  81% used [0x00000000d5550000, 0x00000000de978388, 0x00000000de978400, 0x00000000e0a04000)
 Metaspace       used 97855K, capacity 100378K, committed 100696K, reserved 1136640K
  class space    used 12614K, capacity 13017K, committed 13144K, reserved 1048576K
}
Event: 251.637 GC heap before
{Heap before GC invocations=731 (full 16):
 def new generation   total 83392K, used 82539K [0x00000000c0000000, 0x00000000c5a70000, 0x00000000d5550000)
  eden space 74176K, 100% used [0x00000000c0000000, 0x00000000c4870000, 0x00000000c4870000)
  from space 9216K,  90% used [0x00000000c4870000, 0x00000000c509ad10, 0x00000000c5170000)
  to   space 9216K,   0% used [0x00000000c5170000, 0x00000000c5170000, 0x00000000c5a70000)
 tenured generation   total 185040K, used 151712K [0x00000000d5550000, 0x00000000e0a04000, 0x0000000100000000)
   the space 185040K,  81% used [0x00000000d5550000, 0x00000000de978388, 0x00000000de978400, 0x00000000e0a04000)
 Metaspace       used 97855K, capacity 100378K, committed 100696K, reserved 1136640K
  class space    used 12614K, capacity 13017K, committed 13144K, reserved 1048576K
Event: 252.047 GC heap after
Heap after GC invocations=732 (full 16):
 def new generation   total 83392K, used 714K [0x00000000c0000000, 0x00000000c5a70000, 0x00000000d5550000)
  eden space 74176K,   0% used [0x00000000c0000000, 0x00000000c0000000, 0x00000000c4870000)
  from space 9216K,   7% used [0x00000000c5170000, 0x00000000c5222950, 0x00000000c5a70000)
  to   space 9216K,   0% used [0x00000000c4870000, 0x00000000c4870000, 0x00000000c5170000)
 tenured generation   total 185040K, used 159490K [0x00000000d5550000, 0x00000000e0a04000, 0x0000000100000000)
   the space 185040K,  86% used [0x00000000d5550000, 0x00000000df110b08, 0x00000000df110c00, 0x00000000e0a04000)
 Metaspace       used 97855K, capacity 100378K, committed 100696K, reserved 1136640K
  class space    used 12614K, capacity 13017K, committed 13144K, reserved 1048576K
}
Event: 252.973 GC heap before
{Heap before GC invocations=732 (full 16):
 def new generation   total 83392K, used 74890K [0x00000000c0000000, 0x00000000c5a70000, 0x00000000d5550000)
  eden space 74176K, 100% used [0x00000000c0000000, 0x00000000c4870000, 0x00000000c4870000)
  from space 9216K,   7% used [0x00000000c5170000, 0x00000000c5222950, 0x00000000c5a70000)
  to   space 9216K,   0% used [0x00000000c4870000, 0x00000000c4870000, 0x00000000c5170000)
 tenured generation   total 185040K, used 159490K [0x00000000d5550000, 0x00000000e0a04000, 0x0000000100000000)
   the space 185040K,  86% used [0x00000000d5550000, 0x00000000df110b08, 0x00000000df110c00, 0x00000000e0a04000)
 Metaspace       used 97855K, capacity 100378K, committed 100696K, reserved 1136640K
  class space    used 12614K, capacity 13017K, committed 13144K, reserved 1048576K
Event: 253.327 GC heap after
Heap after GC invocations=733 (full 16):
 def new generation   total 83392K, used 969K [0x00000000c0000000, 0x00000000c5a70000, 0x00000000d5550000)
  eden space 74176K,   0% used [0x00000000c0000000, 0x00000000c0000000, 0x00000000c4870000)
  from space 9216K,  10% used [0x00000000c4870000, 0x00000000c4962450, 0x00000000c5170000)
  to   space 9216K,   0% used [0x00000000c5170000, 0x00000000c5170000, 0x00000000c5a70000)
 tenured generation   total 185040K, used 159490K [0x00000000d5550000, 0x00000000e0a04000, 0x0000000100000000)
   the space 185040K,  86% used [0x00000000d5550000, 0x00000000df110b08, 0x00000000df110c00, 0x00000000e0a04000)
 Metaspace       used 97855K, capacity 100378K, committed 100696K, reserved 1136640K
  class space    used 12614K, capacity 13017K, committed 13144K, reserved 1048576K
}
Event: 254.076 GC heap before
{Heap before GC invocations=733 (full 16):
 def new generation   total 83392K, used 75145K [0x00000000c0000000, 0x00000000c5a70000, 0x00000000d5550000)
  eden space 74176K, 100% used [0x00000000c0000000, 0x00000000c4870000, 0x00000000c4870000)
  from space 9216K,  10% used [0x00000000c4870000, 0x00000000c4962450, 0x00000000c5170000)
  to   space 9216K,   0% used [0x00000000c5170000, 0x00000000c5170000, 0x00000000c5a70000)
 tenured generation   total 185040K, used 159490K [0x00000000d5550000, 0x00000000e0a04000, 0x0000000100000000)
   the space 185040K,  86% used [0x00000000d5550000, 0x00000000df110b08, 0x00000000df110c00, 0x00000000e0a04000)
 Metaspace       used 97855K, capacity 100378K, committed 100696K, reserved 1136640K
  class space    used 12614K, capacity 13017K, committed 13144K, reserved 1048576K
Event: 254.421 GC heap after
Heap after GC invocations=734 (full 16):
 def new generation   total 83392K, used 971K [0x00000000c0000000, 0x00000000c5a70000, 0x00000000d5550000)
  eden space 74176K,   0% used [0x00000000c0000000, 0x00000000c0000000, 0x00000000c4870000)
  from space 9216K,  10% used [0x00000000c5170000, 0x00000000c5262f98, 0x00000000c5a70000)
  to   space 9216K,   0% used [0x00000000c4870000, 0x00000000c4870000, 0x00000000c5170000)
 tenured generation   total 185040K, used 159490K [0x00000000d5550000, 0x00000000e0a04000, 0x0000000100000000)
   the space 185040K,  86% used [0x00000000d5550000, 0x00000000df110b08, 0x00000000df110c00, 0x00000000e0a04000)
 Metaspace       used 97855K, capacity 100378K, committed 100696K, reserved 1136640K
  class space    used 12614K, capacity 13017K, committed 13144K, reserved 1048576K
}
Event: 265.165 GC heap before
{Heap before GC invocations=734 (full 16):
 def new generation   total 83392K, used 75147K [0x00000000c0000000, 0x00000000c5a70000, 0x00000000d5550000)
  eden space 74176K, 100% used [0x00000000c0000000, 0x00000000c4870000, 0x00000000c4870000)
  from space 9216K,  10% used [0x00000000c5170000, 0x00000000c5262f98, 0x00000000c5a70000)
  to   space 9216K,   0% used [0x00000000c4870000, 0x00000000c4870000, 0x00000000c5170000)
 tenured generation   total 185040K, used 159490K [0x00000000d5550000, 0x00000000e0a04000, 0x0000000100000000)
   the space 185040K,  86% used [0x00000000d5550000, 0x00000000df110b08, 0x00000000df110c00, 0x00000000e0a04000)
 Metaspace       used 97860K, capacity 100378K, committed 100696K, reserved 1136640K
  class space    used 12614K, capacity 13017K, committed 13144K, reserved 1048576K
Event: 265.408 GC heap after
Heap after GC invocations=735 (full 16):
 def new generation   total 83392K, used 476K [0x00000000c0000000, 0x00000000c5a70000, 0x00000000d5550000)
  eden space 74176K,   0% used [0x00000000c0000000, 0x00000000c0000000, 0x00000000c4870000)
  from space 9216K,   5% used [0x00000000c4870000, 0x00000000c48e7380, 0x00000000c5170000)
  to   space 9216K,   0% used [0x00000000c5170000, 0x00000000c5170000, 0x00000000c5a70000)
 tenured generation   total 185040K, used 159490K [0x00000000d5550000, 0x00000000e0a04000, 0x0000000100000000)
   the space 185040K,  86% used [0x00000000d5550000, 0x00000000df110b08, 0x00000000df110c00, 0x00000000e0a04000)
 Metaspace       used 97860K, capacity 100378K, committed 100696K, reserved 1136640K
  class space    used 12614K, capacity 13017K, committed 13144K, reserved 1048576K
}

Deoptimization events (10 events):
Event: 189.155 Thread 0x00007f6af8373000 Uncommon trap: reason=null_check action=make_not_entrant pc=0x00007f6b17a50e40 method=org.apache.spark.ml.param.Params$$anonfun$params$1.apply(Ljava/lang/reflect/Method;)Z @ 16
Event: 193.937 Thread 0x00007f6af8373000 Uncommon trap: reason=class_check action=maybe_recompile pc=0x00007f6b165340d8 method=scala.collection.immutable.Map$Map1.get(Ljava/lang/Object;)Lscala/Option; @ 23
Event: 193.979 Thread 0x00007f6af8373000 Uncommon trap: reason=class_check action=maybe_recompile pc=0x00007f6b165340d8 method=scala.collection.immutable.Map$Map1.get(Ljava/lang/Object;)Lscala/Option; @ 23
Event: 193.994 Thread 0x00007f6af8373000 Uncommon trap: reason=class_check action=maybe_recompile pc=0x00007f6b165340d8 method=scala.collection.immutable.Map$Map1.get(Ljava/lang/Object;)Lscala/Option; @ 23
Event: 193.994 Thread 0x00007f6af8373000 Uncommon trap: reason=class_check action=maybe_recompile pc=0x00007f6b165340d8 method=scala.collection.immutable.Map$Map1.get(Ljava/lang/Object;)Lscala/Option; @ 23
Event: 255.308 Thread 0x00007f6b0803f800 Uncommon trap: reason=class_check action=maybe_recompile pc=0x00007f6b15295a48 method=org.apache.spark.ml.classification.ProbabilisticClassificationModel$$anonfun$1.apply(Ljava/lang/Object;)Lorg/apache/spark/ml/linalg/Vector; @ 5
Event: 255.618 Thread 0x00007f6b0803f800 Uncommon trap: reason=class_check action=maybe_recompile pc=0x00007f6b15295a48 method=org.apache.spark.ml.classification.ProbabilisticClassificationModel$$anonfun$1.apply(Ljava/lang/Object;)Lorg/apache/spark/ml/linalg/Vector; @ 5
Event: 255.725 Thread 0x00007f6b0803f800 Uncommon trap: reason=class_check action=maybe_recompile pc=0x00007f6b15295a48 method=org.apache.spark.ml.classification.ProbabilisticClassificationModel$$anonfun$1.apply(Ljava/lang/Object;)Lorg/apache/spark/ml/linalg/Vector; @ 5
Event: 255.725 Thread 0x00007f6b0803f800 Uncommon trap: reason=class_check action=maybe_recompile pc=0x00007f6b15295a48 method=org.apache.spark.ml.classification.ProbabilisticClassificationModel$$anonfun$1.apply(Ljava/lang/Object;)Lorg/apache/spark/ml/linalg/Vector; @ 5
Event: 257.692 Thread 0x00007f6b10070800 Uncommon trap: reason=unstable_if action=reinterpret pc=0x00007f6b16d5a890 method=scala.concurrent.impl.Promise$DefaultPromise.scala$concurrent$impl$Promise$DefaultPromise$$dispatchOrAddCallback(Lscala/concurrent/impl/CallbackRunnable;)V @ 72

Classes redefined (0 events):
No events

Internal exceptions (10 events):
Event: 173.900 Thread 0x00007f6b0803f800 Exception <a 'java/lang/NoSuchMethodError': <clinit>> (0x00000000c23e79a8) thrown at [/build/openjdk-8-pREaNj/openjdk-8-8u181-b13/src/hotspot/src/share/vm/prims/jni.cpp, line 1613]
Event: 177.109 Thread 0x00007f6b0803f800 Exception <a 'java/lang/NoSuchMethodError': <clinit>> (0x00000000c2c47568) thrown at [/build/openjdk-8-pREaNj/openjdk-8-8u181-b13/src/hotspot/src/share/vm/prims/jni.cpp, line 1613]
Event: 178.884 Thread 0x00007f6b0803f800 Exception <a 'java/lang/NoSuchMethodError': <clinit>> (0x00000000c2c63380) thrown at [/build/openjdk-8-pREaNj/openjdk-8-8u181-b13/src/hotspot/src/share/vm/prims/jni.cpp, line 1613]
Event: 179.789 Thread 0x00007f6b0803f800 Exception <a 'java/lang/NoSuchMethodError': <clinit>> (0x00000000c2c76d10) thrown at [/build/openjdk-8-pREaNj/openjdk-8-8u181-b13/src/hotspot/src/share/vm/prims/jni.cpp, line 1613]
Event: 179.906 Thread 0x00007f6b0803f800 Exception <a 'java/lang/NoSuchMethodError': <clinit>> (0x00000000c2c79968) thrown at [/build/openjdk-8-pREaNj/openjdk-8-8u181-b13/src/hotspot/src/share/vm/prims/jni.cpp, line 1613]
Event: 195.697 Thread 0x00007f6af8373000 Exception <a 'java/lang/NoSuchMethodError': <clinit>> (0x00000000c0e42640) thrown at [/build/openjdk-8-pREaNj/openjdk-8-8u181-b13/src/hotspot/src/share/vm/prims/jni.cpp, line 1613]
Event: 195.969 Thread 0x00007f6af8373000 Exception <a 'java/lang/NoSuchMethodError': <clinit>> (0x00000000c0e73078) thrown at [/build/openjdk-8-pREaNj/openjdk-8-8u181-b13/src/hotspot/src/share/vm/prims/jni.cpp, line 1613]
Event: 196.315 Thread 0x00007f6af8373000 Exception <a 'java/lang/NoSuchMethodError': <clinit>> (0x00000000c0eb7cc0) thrown at [/build/openjdk-8-pREaNj/openjdk-8-8u181-b13/src/hotspot/src/share/vm/prims/jni.cpp, line 1613]
Event: 196.319 Thread 0x00007f6af8373000 Exception <a 'java/lang/NoSuchMethodError': <clinit>> (0x00000000c0ebeac8) thrown at [/build/openjdk-8-pREaNj/openjdk-8-8u181-b13/src/hotspot/src/share/vm/prims/jni.cpp, line 1613]
Event: 196.321 Thread 0x00007f6af8373000 Exception <a 'java/lang/NoSuchMethodError': <clinit>> (0x00000000c0ecf130) thrown at [/build/openjdk-8-pREaNj/openjdk-8-8u181-b13/src/hotspot/src/share/vm/prims/jni.cpp, line 1613]

Events (10 events):
Event: 265.105 Executing VM operation: GenCollectForAllocation
Event: 265.473 Executing VM operation: GenCollectForAllocation done
Event: 265.899 Thread 0x00007f6b100ff800 Thread exited: 0x00007f6b100ff800
Event: 265.956 Executing VM operation: RevokeBias
Event: 265.994 Executing VM operation: RevokeBias done
Event: 265.994 Thread 0x00007f6b00006000 Thread exited: 0x00007f6b00006000
Event: 266.162 Thread 0x00007f6b00006000 Thread added: 0x00007f6b00006000
Event: 266.301 Thread 0x00007f6b00007800 Thread added: 0x00007f6b00007800
Event: 268.377 Thread 0x00007f6b240b7800 flushing nmethod 0x00007f6b15700e90
Event: 269.816 Thread 0x00007f6b240b7800 flushing nmethod 0x00007f6b159f1ed0


Dynamic libraries:
00400000-00401000 r-xp 00000000 ca:01 256949                             /usr/lib/jvm/java-8-openjdk-amd64/jre/bin/java
00600000-00601000 r--p 00000000 ca:01 256949                             /usr/lib/jvm/java-8-openjdk-amd64/jre/bin/java
00601000-00602000 rw-p 00001000 ca:01 256949                             /usr/lib/jvm/java-8-openjdk-amd64/jre/bin/java
02131000-021a9000 rw-p 00000000 00:00 0                                  [heap]
c0000000-c5a70000 rw-p 00000000 00:00 0 
c5a70000-d5550000 ---p 00000000 00:00 0 
d5550000-e0a04000 rw-p 00000000 00:00 0 
e0a04000-100000000 ---p 00000000 00:00 0 
100000000-100cd6000 rw-p 00000000 00:00 0 
100cd6000-140000000 ---p 00000000 00:00 0 
7f6ae8a45000-7f6ae8bc5000 rw-p 00000000 00:00 0 
7f6ae8bc5000-7f6ae8c45000 ---p 00000000 00:00 0 
7f6ae8c45000-7f6ae8e45000 rw-p 00000000 00:00 0 
7f6ae8e45000-7f6ae9045000 rw-p 00000000 00:00 0 
7f6ae9045000-7f6ae9245000 rw-p 00000000 00:00 0 
7f6ae9245000-7f6ae9445000 rw-p 00000000 00:00 0 
7f6ae9445000-7f6ae9645000 rw-p 00000000 00:00 0 
7f6ae9645000-7f6ae9845000 rw-p 00000000 00:00 0 
7f6ae9845000-7f6ae9a45000 rw-p 00000000 00:00 0 
7f6ae9a45000-7f6ae9c45000 rw-p 00000000 00:00 0 
7f6ae9c45000-7f6ae9e45000 rw-p 00000000 00:00 0 
7f6ae9e45000-7f6ae9e48000 ---p 00000000 00:00 0 
7f6ae9e48000-7f6ae9f46000 rw-p 00000000 00:00 0 
7f6ae9f46000-7f6ae9f49000 ---p 00000000 00:00 0 
7f6ae9f49000-7f6aea047000 rw-p 00000000 00:00 0 
7f6aea047000-7f6aea04a000 ---p 00000000 00:00 0 
7f6aea04a000-7f6aea148000 rw-p 00000000 00:00 0 
7f6aea148000-7f6aea14b000 ---p 00000000 00:00 0 
7f6aea14b000-7f6aea449000 rw-p 00000000 00:00 0 
7f6aea449000-7f6aea649000 rw-p 00000000 00:00 0 
7f6aea649000-7f6aea64c000 ---p 00000000 00:00 0 
7f6aea64c000-7f6aea74a000 rw-p 00000000 00:00 0 
7f6aea74a000-7f6aea74d000 ---p 00000000 00:00 0 
7f6aea74d000-7f6aea84b000 rw-p 00000000 00:00 0 
7f6aea84b000-7f6aea84e000 ---p 00000000 00:00 0 
7f6aea84e000-7f6aea94c000 rw-p 00000000 00:00 0 
7f6aea94c000-7f6aea94f000 ---p 00000000 00:00 0 
7f6aea94f000-7f6aeaa4d000 rw-p 00000000 00:00 0 
7f6aeaa4d000-7f6aeaa50000 ---p 00000000 00:00 0 
7f6aeaa50000-7f6aecb50000 rw-p 00000000 00:00 0 
7f6aecb50000-7f6aecb53000 ---p 00000000 00:00 0 
7f6aecb53000-7f6aecc51000 rw-p 00000000 00:00 0 
7f6aecc51000-7f6aecc54000 ---p 00000000 00:00 0 
7f6aecc54000-7f6aecf52000 rw-p 00000000 00:00 0 
7f6aecf52000-7f6aecf55000 ---p 00000000 00:00 0 
7f6aecf55000-7f6aed053000 rw-p 00000000 00:00 0 
7f6aed053000-7f6aed056000 ---p 00000000 00:00 0 
7f6aed056000-7f6aed354000 rw-p 00000000 00:00 0 
7f6aed354000-7f6aed357000 ---p 00000000 00:00 0 
7f6aed357000-7f6aed455000 rw-p 00000000 00:00 0 
7f6aed455000-7f6aed458000 ---p 00000000 00:00 0 
7f6aed458000-7f6aed756000 rw-p 00000000 00:00 0 
7f6aed756000-7f6aed759000 ---p 00000000 00:00 0 
7f6aed759000-7f6aed857000 rw-p 00000000 00:00 0 
7f6aed857000-7f6aed85a000 ---p 00000000 00:00 0 
7f6aed85a000-7f6aed958000 rw-p 00000000 00:00 0 
7f6aed958000-7f6aed95b000 ---p 00000000 00:00 0 
7f6aed95b000-7f6aedc59000 rw-p 00000000 00:00 0 
7f6aedc59000-7f6aede59000 rw-p 00000000 00:00 0 
7f6aede59000-7f6aee059000 rw-p 00000000 00:00 0 
7f6aee059000-7f6aee259000 rw-p 00000000 00:00 0 
7f6aee259000-7f6aee25c000 ---p 00000000 00:00 0 
7f6aee25c000-7f6aee55a000 rw-p 00000000 00:00 0 
7f6aee55a000-7f6aee75a000 rw-p 00000000 00:00 0 
7f6aee75a000-7f6aee95a000 rw-p 00000000 00:00 0 
7f6aee95a000-7f6aeeb5a000 rw-p 00000000 00:00 0 
7f6aeeb5a000-7f6aeed5a000 rw-p 00000000 00:00 0 
7f6aeed5a000-7f6aeef5a000 rw-p 00000000 00:00 0 
7f6aeef5a000-7f6aeef5d000 ---p 00000000 00:00 0 
7f6aeef5d000-7f6aef05b000 rw-p 00000000 00:00 0 
7f6aef05b000-7f6aef05e000 ---p 00000000 00:00 0 
7f6aef05e000-7f6aef15c000 rw-p 00000000 00:00 0 
7f6aef15c000-7f6aef15f000 ---p 00000000 00:00 0 
7f6aef15f000-7f6aef25d000 rw-p 00000000 00:00 0 
7f6aef25d000-7f6aef260000 ---p 00000000 00:00 0 
7f6aef260000-7f6aef35e000 rw-p 00000000 00:00 0 
7f6aef35e000-7f6aef361000 ---p 00000000 00:00 0 
7f6aef361000-7f6aef45f000 rw-p 00000000 00:00 0 
7f6aef45f000-7f6aef462000 ---p 00000000 00:00 0 
7f6aef462000-7f6aef760000 rw-p 00000000 00:00 0 
7f6aef760000-7f6aef763000 ---p 00000000 00:00 0 
7f6aef763000-7f6aefa61000 rw-p 00000000 00:00 0 
7f6aefa61000-7f6aefa6e000 r-xp 00000000 ca:01 17419                      /tmp/liblz4-java8048971915748605009.so
7f6aefa6e000-7f6aefc6d000 ---p 0000d000 ca:01 17419                      /tmp/liblz4-java8048971915748605009.so
7f6aefc6d000-7f6aefc6e000 rw-p 0000c000 ca:01 17419                      /tmp/liblz4-java8048971915748605009.so
7f6aefc6e000-7f6aefe6e000 rw-p 00000000 00:00 0 
7f6aefe6e000-7f6aefe71000 ---p 00000000 00:00 0 
7f6aefe71000-7f6aeff6f000 rw-p 00000000 00:00 0 
7f6aeffd1000-7f6aeffd4000 ---p 00000000 00:00 0 
7f6aeffd4000-7f6af02d2000 rw-p 00000000 00:00 0 
7f6af02d2000-7f6af04d2000 rw-p 00000000 00:00 0 
7f6af04d2000-7f6af06d2000 rw-p 00000000 00:00 0 
7f6af06d2000-7f6af06d5000 ---p 00000000 00:00 0 
7f6af06d5000-7f6af07d3000 rw-p 00000000 00:00 0 
7f6af07d3000-7f6af07d6000 ---p 00000000 00:00 0 
7f6af07d6000-7f6af08d4000 rw-p 00000000 00:00 0 
7f6af08d4000-7f6af08d7000 ---p 00000000 00:00 0 
7f6af08d7000-7f6af0bd5000 rw-p 00000000 00:00 0 
7f6af0bd5000-7f6af0bd8000 ---p 00000000 00:00 0 
7f6af0bd8000-7f6af0cd6000 rw-p 00000000 00:00 0 
7f6af0cd6000-7f6af0cd9000 ---p 00000000 00:00 0 
7f6af0cd9000-7f6af0dd7000 rw-p 00000000 00:00 0 
7f6af0dd7000-7f6af0dda000 ---p 00000000 00:00 0 
7f6af0dda000-7f6af0ed8000 rw-p 00000000 00:00 0 
7f6af0ed8000-7f6af0edb000 ---p 00000000 00:00 0 
7f6af0edb000-7f6af0fd9000 rw-p 00000000 00:00 0 
7f6af0fd9000-7f6af0fdc000 ---p 00000000 00:00 0 
7f6af0fdc000-7f6af10da000 rw-p 00000000 00:00 0 
7f6af10da000-7f6af10dd000 ---p 00000000 00:00 0 
7f6af10dd000-7f6af11db000 rw-p 00000000 00:00 0 
7f6af11db000-7f6af11de000 ---p 00000000 00:00 0 
7f6af11de000-7f6af12dc000 rw-p 00000000 00:00 0 
7f6af12dc000-7f6af12df000 ---p 00000000 00:00 0 
7f6af12df000-7f6af13dd000 rw-p 00000000 00:00 0 
7f6af13dd000-7f6af13e0000 ---p 00000000 00:00 0 
7f6af13e0000-7f6af14de000 rw-p 00000000 00:00 0 
7f6af14de000-7f6af14e1000 ---p 00000000 00:00 0 
7f6af14e1000-7f6af15df000 rw-p 00000000 00:00 0 
7f6af15df000-7f6af15e2000 ---p 00000000 00:00 0 
7f6af15e2000-7f6af16e0000 rw-p 00000000 00:00 0 
7f6af16e0000-7f6af16e3000 ---p 00000000 00:00 0 
7f6af16e3000-7f6af17e1000 rw-p 00000000 00:00 0 
7f6af17e1000-7f6af17e4000 ---p 00000000 00:00 0 
7f6af17e4000-7f6af18e2000 rw-p 00000000 00:00 0 
7f6af18e2000-7f6af18e5000 ---p 00000000 00:00 0 
7f6af18e5000-7f6af1be3000 rw-p 00000000 00:00 0 
7f6af1be3000-7f6af1be6000 ---p 00000000 00:00 0 
7f6af1be6000-7f6af1ee4000 rw-p 00000000 00:00 0 
7f6af1ee4000-7f6af1ee7000 ---p 00000000 00:00 0 
7f6af1ee7000-7f6af1fe5000 rw-p 00000000 00:00 0 
7f6af1fe5000-7f6af1fe8000 ---p 00000000 00:00 0 
7f6af1fe8000-7f6af20e6000 rw-p 00000000 00:00 0 
7f6af20e6000-7f6af20e9000 ---p 00000000 00:00 0 
7f6af20e9000-7f6af21e7000 rw-p 00000000 00:00 0 
7f6af21e7000-7f6af21ea000 ---p 00000000 00:00 0 
7f6af21ea000-7f6af22e8000 rw-p 00000000 00:00 0 
7f6af22e8000-7f6af22eb000 ---p 00000000 00:00 0 
7f6af22eb000-7f6af23e9000 rw-p 00000000 00:00 0 
7f6af23e9000-7f6af23ec000 ---p 00000000 00:00 0 
7f6af23ec000-7f6af24ea000 rw-p 00000000 00:00 0 
7f6af24ea000-7f6af24ed000 ---p 00000000 00:00 0 
7f6af24ed000-7f6af25eb000 rw-p 00000000 00:00 0 
7f6af25eb000-7f6af25ee000 ---p 00000000 00:00 0 
7f6af25ee000-7f6af26ec000 rw-p 00000000 00:00 0 
7f6af26ec000-7f6af26ef000 ---p 00000000 00:00 0 
7f6af26ef000-7f6af27ed000 rw-p 00000000 00:00 0 
7f6af27ed000-7f6af27fe000 r-xp 00000000 ca:01 256909                     /usr/lib/jvm/java-8-openjdk-amd64/jre/lib/amd64/libnio.so
7f6af27fe000-7f6af29fe000 ---p 00011000 ca:01 256909                     /usr/lib/jvm/java-8-openjdk-amd64/jre/lib/amd64/libnio.so
7f6af29fe000-7f6af29ff000 r--p 00011000 ca:01 256909                     /usr/lib/jvm/java-8-openjdk-amd64/jre/lib/amd64/libnio.so
7f6af29ff000-7f6af2a00000 rw-p 00012000 ca:01 256909                     /usr/lib/jvm/java-8-openjdk-amd64/jre/lib/amd64/libnio.so
7f6af2a00000-7f6af2c00000 rw-p 00000000 00:00 0 
7f6af2c00000-7f6af2c13000 r--s 00346000 ca:01 256864                     /usr/lib/jvm/java-8-openjdk-amd64/jre/lib/resources.jar
7f6af2c13000-7f6af2c16000 ---p 00000000 00:00 0 
7f6af2c16000-7f6af2f14000 rw-p 00000000 00:00 0 
7f6af2f14000-7f6af2f2b000 r-xp 00000000 ca:01 1984                       /lib/x86_64-linux-gnu/libresolv-2.23.so
7f6af2f2b000-7f6af312b000 ---p 00017000 ca:01 1984                       /lib/x86_64-linux-gnu/libresolv-2.23.so
7f6af312b000-7f6af312c000 r--p 00017000 ca:01 1984                       /lib/x86_64-linux-gnu/libresolv-2.23.so
7f6af312c000-7f6af312d000 rw-p 00018000 ca:01 1984                       /lib/x86_64-linux-gnu/libresolv-2.23.so
7f6af312d000-7f6af312f000 rw-p 00000000 00:00 0 
7f6af312f000-7f6af3134000 r-xp 00000000 ca:01 1990                       /lib/x86_64-linux-gnu/libnss_dns-2.23.so
7f6af3134000-7f6af3334000 ---p 00005000 ca:01 1990                       /lib/x86_64-linux-gnu/libnss_dns-2.23.so
7f6af3334000-7f6af3335000 r--p 00005000 ca:01 1990                       /lib/x86_64-linux-gnu/libnss_dns-2.23.so
7f6af3335000-7f6af3336000 rw-p 00006000 ca:01 1990                       /lib/x86_64-linux-gnu/libnss_dns-2.23.so
7f6af3337000-7f6af3339000 r--s 00016000 ca:01 256882                     /usr/lib/jvm/java-8-openjdk-amd64/jre/lib/jce.jar
7f6af3339000-7f6af333e000 r--s 0009d000 ca:01 256862                     /usr/lib/jvm/java-8-openjdk-amd64/jre/lib/jsse.jar
7f6af333e000-7f6af333f000 r-xp 00000000 ca:01 256908                     /usr/lib/jvm/java-8-openjdk-amd64/jre/lib/amd64/libjaas_unix.so
7f6af333f000-7f6af353e000 ---p 00001000 ca:01 256908                     /usr/lib/jvm/java-8-openjdk-amd64/jre/lib/amd64/libjaas_unix.so
7f6af353e000-7f6af353f000 r--p 00000000 ca:01 256908                     /usr/lib/jvm/java-8-openjdk-amd64/jre/lib/amd64/libjaas_unix.so
7f6af353f000-7f6af3540000 rw-p 00001000 ca:01 256908                     /usr/lib/jvm/java-8-openjdk-amd64/jre/lib/amd64/libjaas_unix.so
7f6af3540000-7f6af3543000 ---p 00000000 00:00 0 
7f6af3543000-7f6af3641000 rw-p 00000000 00:00 0 
7f6af3641000-7f6af3644000 ---p 00000000 00:00 0 
7f6af3644000-7f6af387a000 rw-p 00000000 00:00 0 
7f6af387a000-7f6af3a7a000 rw-p 00000000 00:00 0 
7f6af3a7a000-7f6af3a83000 r-xp 00000000 ca:01 256894                     /usr/lib/jvm/java-8-openjdk-amd64/jre/lib/amd64/libmanagement.so
7f6af3a83000-7f6af3c82000 ---p 00009000 ca:01 256894                     /usr/lib/jvm/java-8-openjdk-amd64/jre/lib/amd64/libmanagement.so
7f6af3c82000-7f6af3c83000 r--p 00008000 ca:01 256894                     /usr/lib/jvm/java-8-openjdk-amd64/jre/lib/amd64/libmanagement.so
7f6af3c83000-7f6af3c84000 rw-p 00009000 ca:01 256894                     /usr/lib/jvm/java-8-openjdk-amd64/jre/lib/amd64/libmanagement.so
7f6af3c84000-7f6af3c87000 ---p 00000000 00:00 0 
7f6af3c87000-7f6af3d85000 rw-p 00000000 00:00 0 
7f6af3d85000-7f6af3d88000 ---p 00000000 00:00 0 
7f6af3d88000-7f6af3e86000 rw-p 00000000 00:00 0 
7f6af3e86000-7f6af3e89000 ---p 00000000 00:00 0 
7f6af3e89000-7f6af4187000 rw-p 00000000 00:00 0 
7f6af4187000-7f6af7188000 rw-p 00000000 00:00 0 
7f6af7188000-7f6af719f000 r-xp 00000000 ca:01 256888                     /usr/lib/jvm/java-8-openjdk-amd64/jre/lib/amd64/libnet.so
7f6af719f000-7f6af739e000 ---p 00017000 ca:01 256888                     /usr/lib/jvm/java-8-openjdk-amd64/jre/lib/amd64/libnet.so
7f6af739e000-7f6af739f000 r--p 00016000 ca:01 256888                     /usr/lib/jvm/java-8-openjdk-amd64/jre/lib/amd64/libnet.so
7f6af739f000-7f6af73a0000 rw-p 00017000 ca:01 256888                     /usr/lib/jvm/java-8-openjdk-amd64/jre/lib/amd64/libnet.so
7f6af73a0000-7f6af73a3000 r--s 00015000 ca:01 261533                     /home/ubuntu/spark-2.1.1-bin-hadoop2.7/jars/javax.servlet-api-3.1.0.jar
7f6af73a3000-7f6af73cf000 r--s 001c9000 ca:01 261798                     /home/ubuntu/spark-2.1.1-bin-hadoop2.7/jars/shapeless_2.11-2.0.0.jar
7f6af73cf000-7f6af73da000 r--s 000b0000 ca:01 261731                     /home/ubuntu/spark-2.1.1-bin-hadoop2.7/jars/jtransforms-2.4.0.jar
7f6af73da000-7f6af73e0000 r--s 00043000 ca:01 261858                     /home/ubuntu/spark-2.1.1-bin-hadoop2.7/jars/commons-configuration-1.6.jar
7f6af73e0000-7f6af73e4000 r--s 00019000 ca:01 261784                     /home/ubuntu/spark-2.1.1-bin-hadoop2.7/jars/javax.ws.rs-api-2.0.1.jar
7f6af73e4000-7f6af73e6000 r--s 00009000 ca:01 261839                     /home/ubuntu/spark-2.1.1-bin-hadoop2.7/jars/commons-cli-1.2.jar
7f6af73e6000-7f6af73f0000 r--s 00095000 ca:01 261728                     /home/ubuntu/spark-2.1.1-bin-hadoop2.7/jars/scala-xml_2.11-1.0.2.jar
7f6af73f0000-7f6af73f5000 r--s 00031000 ca:01 261744                     /home/ubuntu/spark-2.1.1-bin-hadoop2.7/jars/parquet-hadoop-1.8.1.jar
7f6af73f5000-7f6af73f9000 r--s 00020000 ca:01 261720                     /home/ubuntu/spark-2.1.1-bin-hadoop2.7/jars/commons-digester-1.8.jar
7f6af73f9000-7f6af73fb000 r--s 00027000 ca:01 261790                     /home/ubuntu/spark-2.1.1-bin-hadoop2.7/jars/core-1.1.2.jar
7f6af73fb000-7f6af7412000 r--s 00183000 ca:01 261753                     /home/ubuntu/spark-2.1.1-bin-hadoop2.7/jars/hadoop-yarn-common-2.7.3.jar
7f6af7412000-7f6af7418000 r--s 00044000 ca:01 261763                     /home/ubuntu/spark-2.1.1-bin-hadoop2.7/jars/antlr4-runtime-4.5.3.jar
7f6af7418000-7f6af741a000 r--s 0000b000 ca:01 261840                     /home/ubuntu/spark-2.1.1-bin-hadoop2.7/jars/chill-java-0.8.0.jar
7f6af741a000-7f6af7424000 r--s 00086000 ca:01 261718                     /home/ubuntu/spark-2.1.1-bin-hadoop2.7/jars/json4s-core_2.11-3.2.11.jar
7f6af7424000-7f6af7426000 r--s 0000f000 ca:01 261566                     /home/ubuntu/spark-2.1.1-bin-hadoop2.7/jars/activation-1.1.1.jar
7f6af7426000-7f6af742a000 r--s 00031000 ca:01 261583                     /home/ubuntu/spark-2.1.1-bin-hadoop2.7/jars/jline-2.12.1.jar
7f6af742a000-7f6af7430000 r--s 00028000 ca:01 261745                     /home/ubuntu/spark-2.1.1-bin-hadoop2.7/jars/curator-framework-2.6.0.jar
7f6af7430000-7f6af743d000 r--s 000b1000 ca:01 261545                     /home/ubuntu/spark-2.1.1-bin-hadoop2.7/jars/hadoop-mapreduce-client-common-2.7.3.jar
7f6af743d000-7f6af743f000 r--s 00009000 ca:01 261758                     /home/ubuntu/spark-2.1.1-bin-hadoop2.7/jars/jackson-module-paranamer-2.6.5.jar
7f6af743f000-7f6af7447000 r--s 00066000 ca:01 261732                     /home/ubuntu/spark-2.1.1-bin-hadoop2.7/jars/apache-log4j-extras-1.2.17.jar
7f6af7447000-7f6af7455000 r--s 00078000 ca:01 261756                     /home/ubuntu/spark-2.1.1-bin-hadoop2.7/jars/spark-mesos_2.11-2.1.1.jar
7f6af7455000-7f6af7483000 r--s 00212000 ca:01 261712                     /home/ubuntu/spark-2.1.1-bin-hadoop2.7/jars/spark-network-common_2.11-2.1.1.jar
7f6af7483000-7f6af748b000 r--s 0006e000 ca:01 261765                     /home/ubuntu/spark-2.1.1-bin-hadoop2.7/jars/commons-lang3-3.5.jar
7f6af748b000-7f6af74ff000 r--s 00574000 ca:01 261739                     /home/ubuntu/spark-2.1.1-bin-hadoop2.7/jars/spark-mllib_2.11-2.1.1.jar
7f6af74ff000-7f6af758a000 r--s 0069e000 ca:01 261713                     /home/ubuntu/spark-2.1.1-bin-hadoop2.7/jars/spark-catalyst_2.11-2.1.1.jar
7f6af758a000-7f6af758b000 r--s 00004000 ca:01 261866                     /home/ubuntu/spark-2.1.1-bin-hadoop2.7/jars/osgi-resource-locator-1.0.1.jar
7f6af758b000-7f6af75ac000 r--s 0019b000 ca:01 261796                     /home/ubuntu/spark-2.1.1-bin-hadoop2.7/jars/spark-hive-thriftserver_2.11-2.1.1.jar
7f6af75ac000-7f6af75b1000 r--s 00041000 ca:01 261740                     /home/ubuntu/spark-2.1.1-bin-hadoop2.7/jars/commons-lang-2.6.jar
7f6af75b1000-7f6af75b3000 r--s 00020000 ca:01 261749                     /home/ubuntu/spark-2.1.1-bin-hadoop2.7/jars/hive-beeline-1.2.1.spark2.jar
7f6af75b3000-7f6af75ba000 r--s 00049000 ca:01 261736                     /home/ubuntu/spark-2.1.1-bin-hadoop2.7/jars/httpcore-4.4.4.jar
7f6af75ba000-7f6af75bc000 r--s 00014000 ca:01 261717                     /home/ubuntu/spark-2.1.1-bin-hadoop2.7/jars/spire-macros_2.11-0.7.4.jar
7f6af75bc000-7f6af75bd000 r--s 00004000 ca:01 261711                     /home/ubuntu/spark-2.1.1-bin-hadoop2.7/jars/eigenbase-properties-1.1.5.jar
7f6af75bd000-7f6af75be000 r--s 00009000 ca:01 261845                     /home/ubuntu/spark-2.1.1-bin-hadoop2.7/jars/slf4j-api-1.7.16.jar
7f6af75be000-7f6af75bf000 r--s 00004000 ca:01 261710                     /home/ubuntu/spark-2.1.1-bin-hadoop2.7/jars/jackson-jaxrs-1.9.13.jar
7f6af75bf000-7f6af75c1000 r--s 00012000 ca:01 261803                     /home/ubuntu/spark-2.1.1-bin-hadoop2.7/jars/api-util-1.0.0-M20.jar
7f6af75c1000-7f6af75c3000 r--s 00004000 ca:01 261587                     /home/ubuntu/spark-2.1.1-bin-hadoop2.7/jars/stax-api-1.0-2.jar
7f6af75c3000-7f6af75c4000 r--s 00009000 ca:01 261830                     /home/ubuntu/spark-2.1.1-bin-hadoop2.7/jars/hive-cli-1.2.1.spark2.jar
7f6af75c4000-7f6af75da000 r--s 001a4000 ca:01 261613                     /home/ubuntu/spark-2.1.1-bin-hadoop2.7/jars/datanucleus-rdbms-3.2.9.jar
7f6af75da000-7f6af75eb000 r--s 0010d000 ca:01 261714                     /home/ubuntu/spark-2.1.1-bin-hadoop2.7/jars/jackson-databind-2.6.5.jar
7f6af75eb000-7f6af75ed000 r--s 0000a000 ca:01 261612                     /home/ubuntu/spark-2.1.1-bin-hadoop2.7/jars/spark-unsafe_2.11-2.1.1.jar
7f6af75ed000-7f6af7611000 r--s 001cd000 ca:01 261855                     /home/ubuntu/spark-2.1.1-bin-hadoop2.7/jars/commons-math3-3.4.1.jar
7f6af7611000-7f6af7615000 r--s 0002a000 ca:01 261747                     /home/ubuntu/spark-2.1.1-bin-hadoop2.7/jars/commons-io-2.4.jar
7f6af7615000-7f6af761d000 r--s 00059000 ca:01 261611                     /home/ubuntu/spark-2.1.1-bin-hadoop2.7/jars/javolution-5.5.1.jar
7f6af761d000-7f6af761e000 r--s 00003000 ca:01 261568                     /home/ubuntu/spark-2.1.1-bin-hadoop2.7/jars/jta-1.1.jar
7f6af761e000-7f6af7621000 r--s 00009000 ca:01 261751                     /home/ubuntu/spark-2.1.1-bin-hadoop2.7/jars/jackson-annotations-2.6.5.jar
7f6af7621000-7f6af763c000 r--s 001d8000 ca:01 261572                     /home/ubuntu/spark-2.1.1-bin-hadoop2.7/jars/jets3t-0.9.3.jar
7f6af763c000-7f6af7641000 r--s 0002a000 ca:01 261576                     /home/ubuntu/spark-2.1.1-bin-hadoop2.7/jars/commons-beanutils-1.7.0.jar
7f6af7641000-7f6af7643000 r--s 00006000 ca:01 261588                     /home/ubuntu/spark-2.1.1-bin-hadoop2.7/jars/paranamer-2.3.jar
7f6af7643000-7f6af7647000 r--s 0002c000 ca:01 261748                     /home/ubuntu/spark-2.1.1-bin-hadoop2.7/jars/avro-ipc-1.7.7.jar
7f6af7647000-7f6af7648000 r--s 00003000 ca:01 261594                     /home/ubuntu/spark-2.1.1-bin-hadoop2.7/jars/xmlenc-0.52.jar
7f6af7648000-7f6af7665000 r--s 001d5000 ca:01 261860                     /home/ubuntu/spark-2.1.1-bin-hadoop2.7/jars/hadoop-yarn-api-2.7.3.jar
7f6af7665000-7f6af7666000 r--s 00004000 ca:01 261716                     /home/ubuntu/spark-2.1.1-bin-hadoop2.7/jars/opencsv-2.3.jar
7f6af7666000-7f6af766a000 r--s 00014000 ca:01 261856                     /home/ubuntu/spark-2.1.1-bin-hadoop2.7/jars/xz-1.0.jar
7f6af766a000-7f6af766d000 r--s 000fd000 ca:01 261604                     /home/ubuntu/spark-2.1.1-bin-hadoop2.7/jars/leveldbjni-all-1.8.jar
7f6af766d000-7f6af7673000 r--s 00063000 ca:01 261849                     /home/ubuntu/spark-2.1.1-bin-hadoop2.7/jars/jodd-core-3.5.2.jar
7f6af7673000-7f6af7677000 r--s 00030000 ca:01 261532                     /home/ubuntu/spark-2.1.1-bin-hadoop2.7/jars/commons-net-2.2.jar
7f6af7677000-7f6af767b000 r--s 00028000 ca:01 261608                     /home/ubuntu/spark-2.1.1-bin-hadoop2.7/jars/spark-mllib-local_2.11-2.1.1.jar
7f6af767b000-7f6af7682000 r--s 0007d000 ca:01 261722                     /home/ubuntu/spark-2.1.1-bin-hadoop2.7/jars/jetty-6.1.26.jar
7f6af7682000-7f6af7685000 r--s 0002f000 ca:01 261546                     /home/ubuntu/spark-2.1.1-bin-hadoop2.7/jars/RoaringBitmap-0.5.11.jar
7f6af7685000-7f6af7686000 r--s 00001000 ca:01 261621                     /home/ubuntu/spark-2.1.1-bin-hadoop2.7/jars/pmml-schema-1.2.15.jar
7f6af7686000-7f6af768a000 r--s 00028000 ca:01 261573                     /home/ubuntu/spark-2.1.1-bin-hadoop2.7/jars/jetty-util-6.1.26.jar
7f6af768a000-7f6af768d000 r--s 00006000 ca:01 261721                     /home/ubuntu/spark-2.1.1-bin-hadoop2.7/jars/jsr305-1.3.9.jar
7f6af768d000-7f6af7694000 r--s 0005d000 ca:01 261793                     /home/ubuntu/spark-2.1.1-bin-hadoop2.7/jars/mx4j-3.0.2.jar
7f6af7694000-7f6af7696000 r--s 0000e000 ca:01 261821                     /home/ubuntu/spark-2.1.1-bin-hadoop2.7/jars/guice-servlet-3.0.jar
7f6af7696000-7f6af769e000 r--s 0007b000 ca:01 261737                     /home/ubuntu/spark-2.1.1-bin-hadoop2.7/jars/protobuf-java-2.5.0.jar
7f6af769e000-7f6af76a7000 r--s 00062000 ca:01 261580                     /home/ubuntu/spark-2.1.1-bin-hadoop2.7/jars/avro-1.7.7.jar
7f6af76a7000-7f6af76a9000 r--s 00003000 ca:01 261733                     /home/ubuntu/spark-2.1.1-bin-hadoop2.7/jars/jcl-over-slf4j-1.7.16.jar
7f6af76a9000-7f6af7779000 r--s 00cf0000 ca:01 261540                     /home/ubuntu/spark-2.1.1-bin-hadoop2.7/jars/breeze_2.11-0.12.jar
7f6af7779000-7f6af777a000 r--s 00002000 ca:01 261619                     /home/ubuntu/spark-2.1.1-bin-hadoop2.7/jars/slf4j-log4j12-1.7.16.jar
7f6af777a000-7f6af777c000 r--s 00006000 ca:01 261578                     /home/ubuntu/spark-2.1.1-bin-hadoop2.7/jars/spark-sketch_2.11-2.1.1.jar
7f6af777c000-7f6af7781000 r--s 00068000 ca:01 261791                     /home/ubuntu/spark-2.1.1-bin-hadoop2.7/jars/antlr-2.7.7.jar
7f6af7781000-7f6af7783000 r--s 00000000 ca:01 261759                     /home/ubuntu/spark-2.1.1-bin-hadoop2.7/jars/aopalliance-1.0.jar
7f6af7783000-7f6af7785000 r--s 00012000 ca:01 261730                     /home/ubuntu/spark-2.1.1-bin-hadoop2.7/jars/compress-lzf-1.0.3.jar
7f6af7785000-7f6af7792000 r--s 0009e000 ca:01 261822                     /home/ubuntu/spark-2.1.1-bin-hadoop2.7/jars/spark-graphx_2.11-2.1.1.jar
7f6af7792000-7f6af7797000 r--s 00028000 ca:01 261841                     /home/ubuntu/spark-2.1.1-bin-hadoop2.7/jars/avro-mapred-1.7.7-hadoop2.jar
7f6af7797000-7f6af77ad000 r--s 00124000 ca:01 261833                     /home/ubuntu/spark-2.1.1-bin-hadoop2.7/jars/ivy-2.4.0.jar
7f6af77ad000-7f6af77b5000 r--s 00078000 ca:01 261805                     /home/ubuntu/spark-2.1.1-bin-hadoop2.7/jars/mail-1.4.7.jar
7f6af77b5000-7f6af77ba000 r--s 0004e000 ca:01 261582                     /home/ubuntu/spark-2.1.1-bin-hadoop2.7/jars/datanucleus-api-jdo-3.2.6.jar
7f6af77ba000-7f6af7892000 r--s 00a88000 ca:01 261543                     /home/ubuntu/spark-2.1.1-bin-hadoop2.7/jars/spark-core_2.11-2.1.1.jar
7f6af7892000-7f6af78aa000 r--s 001b6000 ca:01 261569                     /home/ubuntu/spark-2.1.1-bin-hadoop2.7/jars/datanucleus-core-3.2.10.jar
7f6af78aa000-7f6af78be000 r--s 000ec000 ca:01 261539                     /home/ubuntu/spark-2.1.1-bin-hadoop2.7/jars/parquet-jackson-1.8.1.jar
7f6af78be000-7f6af78c0000 r--s 0000e000 ca:01 261785                     /home/ubuntu/spark-2.1.1-bin-hadoop2.7/jars/hadoop-mapreduce-client-jobclient-2.7.3.jar
7f6af78c0000-7f6af78c2000 r--s 0000e000 ca:01 261536                     /home/ubuntu/spark-2.1.1-bin-hadoop2.7/jars/oro-2.0.8.jar
7f6af78c2000-7f6af78c4000 r--s 00003000 ca:01 261826                     /home/ubuntu/spark-2.1.1-bin-hadoop2.7/jars/JavaEWAH-0.3.2.jar
7f6af78c4000-7f6af78c6000 r--s 0000f000 ca:01 261757                     /home/ubuntu/spark-2.1.1-bin-hadoop2.7/jars/spark-launcher_2.11-2.1.1.jar
7f6af78c6000-7f6af78e8000 r--s 00335000 ca:01 261750                     /home/ubuntu/spark-2.1.1-bin-hadoop2.7/jars/mesos-1.0.0-shaded-protobuf.jar
7f6af78e8000-7f6af78e9000 r--s 00001000 ca:01 261610                     /home/ubuntu/spark-2.1.1-bin-hadoop2.7/jars/minlog-1.3.0.jar
7f6af78e9000-7f6af78ec000 r--s 0001a000 ca:01 261834                     /home/ubuntu/spark-2.1.1-bin-hadoop2.7/jars/py4j-0.10.4.jar
7f6af78ec000-7f6af78ed000 r--s 00009000 ca:01 261601                     /home/ubuntu/spark-2.1.1-bin-hadoop2.7/jars/json4s-jackson_2.11-3.2.11.jar
7f6af78ed000-7f6af78ef000 r--s 0000d000 ca:01 261725                     /home/ubuntu/spark-2.1.1-bin-hadoop2.7/jars/hadoop-yarn-server-web-proxy-2.7.3.jar
7f6af78ef000-7f6af7952000 r--s 004de000 ca:01 261719                     /home/ubuntu/spark-2.1.1-bin-hadoop2.7/jars/hive-metastore-1.2.1.spark2.jar
7f6af7952000-7f6af7959000 r--s 00039000 ca:01 261727                     /home/ubuntu/spark-2.1.1-bin-hadoop2.7/jars/calcite-avatica-1.2.0-incubating.jar
7f6af7959000-7f6af7960000 r--s 0003f000 ca:01 261603                     /home/ubuntu/spark-2.1.1-bin-hadoop2.7/jars/commons-codec-1.10.jar
7f6af7960000-7f6af7962000 r--s 00100000 ca:01 261842                     /home/ubuntu/spark-2.1.1-bin-hadoop2.7/jars/snappy-java-1.1.2.6.jar
7f6af7962000-7f6af7966000 r--s 00029000 ca:01 261591                     /home/ubuntu/spark-2.1.1-bin-hadoop2.7/jars/hk2-locator-2.4.0-b34.jar
7f6af7966000-7f6af7969000 r--s 0000d000 ca:01 261742                     /home/ubuntu/spark-2.1.1-bin-hadoop2.7/jars/spark-network-shuffle_2.11-2.1.1.jar
7f6af7969000-7f6af796a000 r--s 00006000 ca:01 261788                     /home/ubuntu/spark-2.1.1-bin-hadoop2.7/jars/jackson-xc-1.9.13.jar
7f6af796a000-7f6af7980000 r--s 000d1000 ca:01 261585                     /home/ubuntu/spark-2.1.1-bin-hadoop2.7/jars/parquet-column-1.8.1.jar
7f6af7980000-7f6af79a5000 rw-p 00000000 00:00 0 
7f6af79a5000-7f6af7ab1000 r--s 00dba000 ca:01 261859                     /home/ubuntu/spark-2.1.1-bin-hadoop2.7/jars/scala-compiler-2.11.8.jar
7f6af7ab1000-7f6af7ab2000 r--s 00002000 ca:01 261764                     /home/ubuntu/spark-2.1.1-bin-hadoop2.7/jars/jpam-1.1.jar
7f6af7ab2000-7f6af7ac1000 r--s 0009f000 ca:01 261734                     /home/ubuntu/spark-2.1.1-bin-hadoop2.7/jars/guice-3.0.jar
7f6af7ac1000-7f6af7ada000 r--s 00150000 ca:01 261626                     /home/ubuntu/spark-2.1.1-bin-hadoop2.7/jars/htrace-core-3.1.0-incubating.jar
7f6af7ada000-7f6af7af0000 r--s 000d3000 ca:01 261625                     /home/ubuntu/spark-2.1.1-bin-hadoop2.7/jars/jersey-server-2.22.2.jar
7f6af7af0000-7f6af7af2000 r--s 00008000 ca:01 261581                     /home/ubuntu/spark-2.1.1-bin-hadoop2.7/jars/parquet-common-1.8.1.jar
7f6af7af2000-7f6af7af4000 r--s 00002000 ca:01 261606                     /home/ubuntu/spark-2.1.1-bin-hadoop2.7/jars/aopalliance-repackaged-2.4.0-b34.jar
7f6af7af4000-7f6af7af8000 r--s 0003c000 ca:01 261854                     /home/ubuntu/spark-2.1.1-bin-hadoop2.7/jars/jackson-core-2.6.5.jar
7f6af7af8000-7f6af7b03000 r--s 00062000 ca:01 261729                     /home/ubuntu/spark-2.1.1-bin-hadoop2.7/jars/calcite-linq4j-1.2.0-incubating.jar
7f6af7b03000-7f6af7b39000 r--s 0031c000 ca:01 261565                     /home/ubuntu/spark-2.1.1-bin-hadoop2.7/jars/hadoop-common-2.7.3.jar
7f6af7b39000-7f6af7b3d000 r--s 0001a000 ca:01 261579                     /home/ubuntu/spark-2.1.1-bin-hadoop2.7/jars/hk2-utils-2.4.0-b34.jar
7f6af7b3d000-7f6af7b49000 r--s 000b6000 ca:01 261831                     /home/ubuntu/spark-2.1.1-bin-hadoop2.7/jars/zookeeper-3.4.6.jar
7f6af7b49000-7f6af7b4f000 r--s 00040000 ca:01 261709                     /home/ubuntu/spark-2.1.1-bin-hadoop2.7/jars/parquet-encoding-1.8.1.jar
7f6af7b4f000-7f6af7b54000 r--s 00036000 ca:01 261574                     /home/ubuntu/spark-2.1.1-bin-hadoop2.7/jars/commons-compress-1.4.1.jar
7f6af7b54000-7f6af7b81000 r--s 001d4000 ca:01 261863                     /home/ubuntu/spark-2.1.1-bin-hadoop2.7/jars/spark-streaming_2.11-2.1.1.jar
7f6af7b81000-7f6af7b84000 r--s 00022000 ca:01 261806                     /home/ubuntu/spark-2.1.1-bin-hadoop2.7/jars/stringtemplate-3.2.1.jar
7f6af7b84000-7f6af7b8b000 r--s 00036000 ca:01 261624                     /home/ubuntu/spark-2.1.1-bin-hadoop2.7/jars/curator-recipes-2.6.0.jar
7f6af7b8b000-7f6af7b8f000 r--s 00029000 ca:01 261548                     /home/ubuntu/spark-2.1.1-bin-hadoop2.7/jars/breeze-macros_2.11-0.12.jar
7f6af7b8f000-7f6af7b93000 r--s 00036000 ca:01 261851                     /home/ubuntu/spark-2.1.1-bin-hadoop2.7/jars/ST4-4.0.4.jar
7f6af7b93000-7f6af7b97000 r--s 00018000 ca:01 261584                     /home/ubuntu/spark-2.1.1-bin-hadoop2.7/jars/metrics-core-3.1.2.jar
7f6af7b97000-7f6af7ba5000 r--s 000b1000 ca:01 261754                     /home/ubuntu/spark-2.1.1-bin-hadoop2.7/jars/jackson-mapper-asl-1.9.13.jar
7f6af7ba5000-7f6af7bb5000 r--s 000a0000 ca:01 261599                     /home/ubuntu/spark-2.1.1-bin-hadoop2.7/jars/spark-yarn_2.11-2.1.1.jar
7f6af7bb5000-7f6af7bb6000 r--s 00003000 ca:01 261590                     /home/ubuntu/spark-2.1.1-bin-hadoop2.7/jars/spark-tags_2.11-2.1.1.jar
7f6af7bb6000-7f6af7bc8000 r--s 00097000 ca:01 261804                     /home/ubuntu/spark-2.1.1-bin-hadoop2.7/jars/apacheds-kerberos-codec-2.0.0-M15.jar
7f6af7bc8000-7f6af7bcb000 r--s 00017000 ca:01 261800                     /home/ubuntu/spark-2.1.1-bin-hadoop2.7/jars/jaxb-api-2.2.2.jar
7f6af7bcb000-7f6af7bcd000 r--s 00009000 ca:01 261848                     /home/ubuntu/spark-2.1.1-bin-hadoop2.7/jars/objenesis-2.1.jar
7f6af7bcd000-7f6af7c38000 r--s 00784000 ca:01 261535                     /home/ubuntu/spark-2.1.1-bin-hadoop2.7/jars/hadoop-hdfs-2.7.3.jar
7f6af7c38000-7f6af7c3a000 r--s 00010000 ca:01 261752                     /home/ubuntu/spark-2.1.1-bin-hadoop2.7/jars/jersey-media-jaxb-2.22.2.jar
7f6af7c3a000-7f6af7c47000 r--s 00083000 ca:01 261598                     /home/ubuntu/spark-2.1.1-bin-hadoop2.7/jars/commons-collections-3.2.2.jar
7f6af7c47000-7f6af7c4e000 r--s 00051000 ca:01 261542                     /home/ubuntu/spark-2.1.1-bin-hadoop2.7/jars/kryo-shaded-3.0.3.jar
7f6af7c4e000-7f6af7c85000 r--s 00325000 ca:01 261802                     /home/ubuntu/spark-2.1.1-bin-hadoop2.7/jars/calcite-core-1.2.0-incubating.jar
7f6af7c85000-7f6af7c88000 r--s 00012000 ca:01 261602                     /home/ubuntu/spark-2.1.1-bin-hadoop2.7/jars/json4s-ast_2.11-3.2.11.jar
7f6af7c88000-7f6af7c8a000 r--s 0000e000 ca:01 261794                     /home/ubuntu/spark-2.1.1-bin-hadoop2.7/jars/commons-logging-1.1.3.jar
7f6af7c8a000-7f6af7d33000 r--s 00a4f000 ca:01 261801                     /home/ubuntu/spark-2.1.1-bin-hadoop2.7/jars/hive-exec-1.2.1.spark2.jar
7f6af7d33000-7f6af7d34000 r--s 0000b000 ca:01 261631                     /home/ubuntu/spark-2.1.1-bin-hadoop2.7/jars/snappy-0.2.jar
7f6af7d34000-7f6af7d37000 r--s 00028000 ca:01 261541                     /home/ubuntu/spark-2.1.1-bin-hadoop2.7/jars/stream-2.7.0.jar
7f6af7d37000-7f6af7d6b000 r--s 00277000 ca:01 261592                     /home/ubuntu/spark-2.1.1-bin-hadoop2.7/jars/parquet-hadoop-bundle-1.6.0.jar
7f6af7d6b000-7f6af7d6f000 r--s 0000c000 ca:01 261617                     /home/ubuntu/spark-2.1.1-bin-hadoop2.7/jars/validation-api-1.1.0.Final.jar
7f6af7d6f000-7f6af7d98000 r--s 001ee000 ca:01 261862                     /home/ubuntu/spark-2.1.1-bin-hadoop2.7/jars/guava-14.0.1.jar
7f6af7d98000-7f6af7da5000 r--s 00071000 ca:01 261832                     /home/ubuntu/spark-2.1.1-bin-hadoop2.7/jars/jackson-module-scala_2.11-2.6.5.jar
7f6af7da5000-7f6af7dbe000 r--s 00114000 ca:01 261577                     /home/ubuntu/spark-2.1.1-bin-hadoop2.7/jars/spark-hive_2.11-2.1.1.jar
7f6af7dbe000-7f6af7dd6000 r--s 00115000 ca:01 261824                     /home/ubuntu/spark-2.1.1-bin-hadoop2.7/jars/netty-3.8.0.Final.jar
7f6af7dd6000-7f6af7e2f000 r--s 00522000 ca:01 261865                     /home/ubuntu/spark-2.1.1-bin-hadoop2.7/jars/scala-library-2.11.8.jar
7f6af7e2f000-7f6af7e36000 r--s 00049000 ca:01 261852                     /home/ubuntu/spark-2.1.1-bin-hadoop2.7/jars/univocity-parsers-2.2.1.jar
7f6af7e36000-7f6af7e82000 r--s 00411000 ca:01 261857                     /home/ubuntu/spark-2.1.1-bin-hadoop2.7/jars/scala-reflect-2.11.8.jar
7f6af7e82000-7f6af7e90000 r--s 0009d000 ca:01 261614                     /home/ubuntu/spark-2.1.1-bin-hadoop2.7/jars/jersey-common-2.22.2.jar
7f6af7e90000-7f6af7e9a000 r--s 000aa000 ca:01 261762                     /home/ubuntu/spark-2.1.1-bin-hadoop2.7/jars/janino-3.0.0.jar
7f6af7e9a000-7f6af7e9b000 r--s 00008000 ca:01 261844                     /home/ubuntu/spark-2.1.1-bin-hadoop2.7/jars/commons-compiler-3.0.0.jar
7f6af7e9b000-7f6af7ea4000 r--s 00097000 ca:01 261837                     /home/ubuntu/spark-2.1.1-bin-hadoop2.7/jars/pmml-model-1.2.15.jar
7f6af7ea4000-7f6af7ea6000 r--s 00005000 ca:01 261741                     /home/ubuntu/spark-2.1.1-bin-hadoop2.7/jars/stax-api-1.0.1.jar
7f6af7ea6000-7f6af7eaa000 r--s 00035000 ca:01 261597                     /home/ubuntu/spark-2.1.1-bin-hadoop2.7/jars/jackson-core-asl-1.9.13.jar
7f6af7eaa000-7f6af7ead000 r--s 00019000 ca:01 261530                     /home/ubuntu/spark-2.1.1-bin-hadoop2.7/jars/bonecp-0.8.0.RELEASE.jar
7f6af7ead000-7f6af7eaf000 r--s 00038000 ca:01 261789                     /home/ubuntu/spark-2.1.1-bin-hadoop2.7/jars/lz4-1.3.0.jar
7f6af7eaf000-7f6af7ec8000 r--s 00164000 ca:01 261738                     /home/ubuntu/spark-2.1.1-bin-hadoop2.7/jars/hadoop-mapreduce-client-core-2.7.3.jar
7f6af7ec8000-7f6af7ecb000 r--s 00026000 ca:01 261792                     /home/ubuntu/spark-2.1.1-bin-hadoop2.7/jars/hadoop-yarn-client-2.7.3.jar
7f6af7ecb000-7f6af7ecd000 r--s 00017000 ca:01 261607                     /home/ubuntu/spark-2.1.1-bin-hadoop2.7/jars/hive-jdbc-1.2.1.spark2.jar
7f6af7ecd000-7f6af7f4e000 r--s 005d9000 ca:01 261746                     /home/ubuntu/spark-2.1.1-bin-hadoop2.7/jars/spark-sql_2.11-2.1.1.jar
7f6af7f4e000-7f6af7f4f000 r--s 00006000 ca:01 261755                     /home/ubuntu/spark-2.1.1-bin-hadoop2.7/jars/hadoop-client-2.7.3.jar
7f6af7f4f000-7f6af7f56000 r--s 00058000 ca:01 261609                     /home/ubuntu/spark-2.1.1-bin-hadoop2.7/jars/hadoop-yarn-server-common-2.7.3.jar
7f6af7f56000-7f6af7f57000 r--s 0000a000 ca:01 261616                     /home/ubuntu/spark-2.1.1-bin-hadoop2.7/jars/apacheds-i18n-2.0.0-M15.jar
7f6af7f57000-7f6af7f58000 r--s 00000000 ca:01 261600                     /home/ubuntu/spark-2.1.1-bin-hadoop2.7/jars/javax.inject-1.jar
7f6af7f58000-7f6af7f5e000 r--s 00045000 ca:01 261605                     /home/ubuntu/spark-2.1.1-bin-hadoop2.7/jars/commons-httpclient-3.1.jar
7f6af7f5e000-7f6af7f6b000 r--s 000a7000 ca:01 261627                     /home/ubuntu/spark-2.1.1-bin-hadoop2.7/jars/httpclient-4.5.2.jar
7f6af7f6b000-7f6af7f6d000 r--s 0001f000 ca:01 261825                     /home/ubuntu/spark-2.1.1-bin-hadoop2.7/jars/commons-crypto-1.0.0.jar
7f6af7f6d000-7f6af7f72000 r--s 0002a000 ca:01 261735                     /home/ubuntu/spark-2.1.1-bin-hadoop2.7/jars/gson-2.2.4.jar
7f6af7f72000-7f6af7fb2000 r--s 00277000 ca:01 261767                     /home/ubuntu/spark-2.1.1-bin-hadoop2.7/jars/bcprov-jdk15on-1.51.jar
7f6af7fb2000-7f6af7fb5000 r--s 00016000 ca:01 261593                     /home/ubuntu/spark-2.1.1-bin-hadoop2.7/jars/jsp-api-2.1.jar
7f6af7fb5000-7f6af7fb6000 r--s 00001000 ca:01 261838                     /home/ubuntu/spark-2.1.1-bin-hadoop2.7/jars/javax.inject-2.4.0-b34.jar
7f6af7fb6000-7f6af7fb7000 r--s 00002000 ca:01 261586                     /home/ubuntu/spark-2.1.1-bin-hadoop2.7/jars/java-xmlbuilder-1.0.jar
7f6af7fb7000-7f6af7fb9000 r--s 00015000 ca:01 261547                     /home/ubuntu/spark-2.1.1-bin-hadoop2.7/jars/hadoop-auth-2.7.3.jar
7f6af7fb9000-7f6af7fbd000 r--s 0002f000 ca:01 261795                     /home/ubuntu/spark-2.1.1-bin-hadoop2.7/jars/commons-beanutils-core-1.8.0.jar
7f6af7fbd000-7f6af7fec000 r--s 002e5000 ca:01 261846                     /home/ubuntu/spark-2.1.1-bin-hadoop2.7/jars/derby-10.12.1.1.jar
7f6af7fec000-7f6af7fee000 r--s 00008000 ca:01 261544                     /home/ubuntu/spark-2.1.1-bin-hadoop2.7/jars/metrics-jvm-3.1.2.jar
7f6af7fee000-7f6af7ff1000 r--s 00015000 ca:01 261723                     /home/ubuntu/spark-2.1.1-bin-hadoop2.7/jars/pyrolite-4.13.jar
7f6af7ff1000-7f6af7ff3000 r--s 0000e000 ca:01 261760                     /home/ubuntu/spark-2.1.1-bin-hadoop2.7/jars/spark-repl_2.11-2.1.1.jar
7f6af7ff3000-7f6af7ffc000 r--s 0006f000 ca:01 261724                     /home/ubuntu/spark-2.1.1-bin-hadoop2.7/jars/log4j-1.2.17.jar
7f6af7ffc000-7f6af8000000 r--s 00025000 ca:01 261850                     /home/ubuntu/spark-2.1.1-bin-hadoop2.7/jars/jersey-client-2.22.2.jar
7f6af8000000-7f6af9dfd000 rw-p 00000000 00:00 0 
7f6af9dfd000-7f6afc000000 ---p 00000000 00:00 0 
7f6afc000000-7f6afc281000 rw-p 00000000 00:00 0 
7f6afc281000-7f6b00000000 ---p 00000000 00:00 0 
7f6b00000000-7f6b00034000 rw-p 00000000 00:00 0 
7f6b00034000-7f6b04000000 ---p 00000000 00:00 0 
7f6b04000000-7f6b07ffe000 rw-p 00000000 00:00 0 
7f6b07ffe000-7f6b08000000 ---p 00000000 00:00 0 
7f6b08000000-7f6b080db000 rw-p 00000000 00:00 0 
7f6b080db000-7f6b0c000000 ---p 00000000 00:00 0 
7f6b0c000000-7f6b0c080000 rw-p 00000000 00:00 0 
7f6b0c080000-7f6b10000000 ---p 00000000 00:00 0 
7f6b10000000-7f6b1048c000 rw-p 00000000 00:00 0 
7f6b1048c000-7f6b14000000 ---p 00000000 00:00 0 
7f6b14000000-7f6b14007000 r--s 00058000 ca:01 261589                     /home/ubuntu/spark-2.1.1-bin-hadoop2.7/jars/parquet-format-2.3.0-incubating.jar
7f6b14007000-7f6b14009000 r--s 00003000 ca:01 261615                     /home/ubuntu/spark-2.1.1-bin-hadoop2.7/jars/api-asn1-api-1.0.0-M20.jar
7f6b14009000-7f6b14013000 r--s 0007b000 ca:01 261847                     /home/ubuntu/spark-2.1.1-bin-hadoop2.7/jars/hadoop-mapreduce-client-app-2.7.3.jar
7f6b14013000-7f6b14016000 r--s 0000e000 ca:01 261575                     /home/ubuntu/spark-2.1.1-bin-hadoop2.7/jars/jersey-container-servlet-core-2.22.2.jar
7f6b14016000-7f6b1401a000 r--s 00025000 ca:01 261538                     /home/ubuntu/spark-2.1.1-bin-hadoop2.7/jars/antlr-runtime-3.4.jar
7f6b1401a000-7f6b1402b000 r--s 00089000 ca:01 261623                     /home/ubuntu/spark-2.1.1-bin-hadoop2.7/jars/joda-time-2.9.3.jar
7f6b1402b000-7f6b1402d000 r--s 00005000 ca:01 261743                     /home/ubuntu/spark-2.1.1-bin-hadoop2.7/jars/javax.annotation-api-1.2.jar
7f6b1402d000-7f6b14032000 r--s 00032000 ca:01 261864                     /home/ubuntu/spark-2.1.1-bin-hadoop2.7/jars/chill_2.11-0.8.0.jar
7f6b14032000-7f6b1403d000 r--s 0005d000 ca:01 261853                     /home/ubuntu/spark-2.1.1-bin-hadoop2.7/jars/scala-parser-combinators_2.11-1.0.4.jar
7f6b1403d000-7f6b1404f000 r--s 00112000 ca:01 261835                     /home/ubuntu/spark-2.1.1-bin-hadoop2.7/jars/arpack_combined_all-0.1.jar
7f6b1404f000-7f6b14067000 r--s 000d6000 ca:01 261571                     /home/ubuntu/spark-2.1.1-bin-hadoop2.7/jars/jersey-guava-2.22.2.jar
7f6b14067000-7f6b1406d000 r--s 0002c000 ca:01 261828                     /home/ubuntu/spark-2.1.1-bin-hadoop2.7/jars/jdo-api-3.0.1.jar
7f6b1406d000-7f6b14074000 r--s 00046000 ca:01 261797                     /home/ubuntu/spark-2.1.1-bin-hadoop2.7/jars/libfb303-0.9.3.jar
7f6b14074000-7f6b14076000 r--s 00010000 ca:01 261622                     /home/ubuntu/spark-2.1.1-bin-hadoop2.7/jars/hadoop-mapreduce-client-shuffle-2.7.3.jar
7f6b14076000-7f6b14078000 r--s 00000000 ca:01 261836                     /home/ubuntu/spark-2.1.1-bin-hadoop2.7/jars/jul-to-slf4j-1.7.16.jar
7f6b14078000-7f6b1407b000 r--s 00014000 ca:01 261761                     /home/ubuntu/spark-2.1.1-bin-hadoop2.7/jars/super-csv-2.2.0.jar
7f6b1407b000-7f6b1408d000 r--s 000b3000 ca:01 261829                     /home/ubuntu/spark-2.1.1-bin-hadoop2.7/jars/scalap-2.11.8.jar
7f6b1408d000-7f6b1408f000 r--s 00003000 ca:01 261843                     /home/ubuntu/spark-2.1.1-bin-hadoop2.7/jars/base64-2.3.8.jar
7f6b1408f000-7f6b14099000 r--s 000a5000 ca:01 261766                     /home/ubuntu/spark-2.1.1-bin-hadoop2.7/jars/javassist-3.18.1-GA.jar
7f6b14099000-7f6b140b1000 r--s 00115000 ca:01 261537                     /home/ubuntu/spark-2.1.1-bin-hadoop2.7/jars/xercesImpl-2.9.1.jar
7f6b140b1000-7f6b140d8000 r--s 0020f000 ca:01 261726                     /home/ubuntu/spark-2.1.1-bin-hadoop2.7/jars/netty-all-4.0.42.Final.jar
7f6b140d8000-7f6b1412d000 r--s 0069c000 ca:01 261595                     /home/ubuntu/spark-2.1.1-bin-hadoop2.7/jars/spire_2.11-0.7.4.jar
7f6b1412d000-7f6b14148000 r--s 001d6000 ca:01 256870                     /usr/lib/jvm/java-8-openjdk-amd64/jre/lib/ext/nashorn.jar
7f6b14148000-7f6b14163000 r--s 00394000 ca:01 256871                     /usr/lib/jvm/java-8-openjdk-amd64/jre/lib/ext/cldrdata.jar
7f6b14163000-7f6b14164000 ---p 00000000 00:00 0 
7f6b14164000-7f6b14264000 rw-p 00000000 00:00 0 
7f6b14264000-7f6b14267000 ---p 00000000 00:00 0 
7f6b14267000-7f6b14365000 rw-p 00000000 00:00 0 
7f6b14365000-7f6b14368000 ---p 00000000 00:00 0 
7f6b14368000-7f6b14466000 rw-p 00000000 00:00 0 
7f6b14466000-7f6b14469000 ---p 00000000 00:00 0 
7f6b14469000-7f6b14567000 rw-p 00000000 00:00 0 
7f6b14567000-7f6b1456a000 ---p 00000000 00:00 0 
7f6b1456a000-7f6b14668000 rw-p 00000000 00:00 0 
7f6b14668000-7f6b14800000 r--p 00000000 ca:01 29052                      /usr/lib/locale/locale-archive
7f6b14800000-7f6b15000000 rw-p 00000000 00:00 0 
7f6b15000000-7f6b17ea0000 rwxp 00000000 00:00 0 
7f6b17eb0000-7f6b24000000 ---p 00000000 00:00 0 
7f6b24000000-7f6b24e0a000 rw-p 00000000 00:00 0 
7f6b24e0a000-7f6b28000000 ---p 00000000 00:00 0 
7f6b28000000-7f6b28002000 r--s 00003000 ca:01 261570                     /home/ubuntu/spark-2.1.1-bin-hadoop2.7/jars/jersey-container-servlet-2.22.2.jar
7f6b28002000-7f6b28003000 r--s 00009000 ca:01 261534                     /home/ubuntu/spark-2.1.1-bin-hadoop2.7/jars/hadoop-annotations-2.7.3.jar
7f6b28003000-7f6b28006000 r--s 00021000 ca:01 261596                     /home/ubuntu/spark-2.1.1-bin-hadoop2.7/jars/xbean-asm5-shaded-4.4.jar
7f6b28006000-7f6b28009000 r--s 00025000 ca:01 261618                     /home/ubuntu/spark-2.1.1-bin-hadoop2.7/jars/commons-dbcp-1.4.jar
7f6b28009000-7f6b2800c000 r--s 00015000 ca:01 261620                     /home/ubuntu/spark-2.1.1-bin-hadoop2.7/jars/commons-pool-1.5.4.jar
7f6b2800c000-7f6b2800e000 r--s 00004000 ca:01 261787                     /home/ubuntu/spark-2.1.1-bin-hadoop2.7/jars/metrics-graphite-3.1.2.jar
7f6b2800e000-7f6b2800f000 r--s 00003000 ca:01 261827                     /home/ubuntu/spark-2.1.1-bin-hadoop2.7/jars/metrics-json-3.1.2.jar
7f6b2800f000-7f6b28014000 r--s 00027000 ca:01 261861                     /home/ubuntu/spark-2.1.1-bin-hadoop2.7/jars/hk2-api-2.4.0-b34.jar
7f6b28014000-7f6b2801a000 r--s 00034000 ca:01 261799                     /home/ubuntu/spark-2.1.1-bin-hadoop2.7/jars/libthrift-0.9.3.jar
7f6b2801a000-7f6b2801d000 ---p 00000000 00:00 0 
7f6b2801d000-7f6b2811b000 rw-p 00000000 00:00 0 
7f6b2811b000-7f6b2811e000 ---p 00000000 00:00 0 
7f6b2811e000-7f6b2821c000 rw-p 00000000 00:00 0 
7f6b2821c000-7f6b2821d000 ---p 00000000 00:00 0 
7f6b2821d000-7f6b2831d000 rw-p 00000000 00:00 0 
7f6b2831d000-7f6b284ec000 r--s 03c32000 ca:01 256863                     /usr/lib/jvm/java-8-openjdk-amd64/jre/lib/rt.jar
7f6b284ec000-7f6b285bd000 rw-p 00000000 00:00 0 
7f6b285bd000-7f6b286b8000 ---p 00000000 00:00 0 
7f6b286b8000-7f6b286e6000 rw-p 00000000 00:00 0 
7f6b286e6000-7f6b28762000 ---p 00000000 00:00 0 
7f6b28762000-7f6b287be000 rw-p 00000000 00:00 0 
7f6b287be000-7f6b288b8000 ---p 00000000 00:00 0 
7f6b288b8000-7f6b28974000 rw-p 00000000 00:00 0 
7f6b28974000-7f6b28c79000 ---p 00000000 00:00 0 
7f6b28c79000-7f6b28c81000 r-xp 00000000 ca:01 256902                     /usr/lib/jvm/java-8-openjdk-amd64/jre/lib/amd64/libzip.so
7f6b28c81000-7f6b28e80000 ---p 00008000 ca:01 256902                     /usr/lib/jvm/java-8-openjdk-amd64/jre/lib/amd64/libzip.so
7f6b28e80000-7f6b28e81000 r--p 00007000 ca:01 256902                     /usr/lib/jvm/java-8-openjdk-amd64/jre/lib/amd64/libzip.so
7f6b28e81000-7f6b28e82000 rw-p 00008000 ca:01 256902                     /usr/lib/jvm/java-8-openjdk-amd64/jre/lib/amd64/libzip.so
7f6b28e82000-7f6b28e8d000 r-xp 00000000 ca:01 1993                       /lib/x86_64-linux-gnu/libnss_files-2.23.so
7f6b28e8d000-7f6b2908c000 ---p 0000b000 ca:01 1993                       /lib/x86_64-linux-gnu/libnss_files-2.23.so
7f6b2908c000-7f6b2908d000 r--p 0000a000 ca:01 1993                       /lib/x86_64-linux-gnu/libnss_files-2.23.so
7f6b2908d000-7f6b2908e000 rw-p 0000b000 ca:01 1993                       /lib/x86_64-linux-gnu/libnss_files-2.23.so
7f6b2908e000-7f6b29094000 rw-p 00000000 00:00 0 
7f6b29094000-7f6b2909f000 r-xp 00000000 ca:01 1997                       /lib/x86_64-linux-gnu/libnss_nis-2.23.so
7f6b2909f000-7f6b2929e000 ---p 0000b000 ca:01 1997                       /lib/x86_64-linux-gnu/libnss_nis-2.23.so
7f6b2929e000-7f6b2929f000 r--p 0000a000 ca:01 1997                       /lib/x86_64-linux-gnu/libnss_nis-2.23.so
7f6b2929f000-7f6b292a0000 rw-p 0000b000 ca:01 1997                       /lib/x86_64-linux-gnu/libnss_nis-2.23.so
7f6b292a0000-7f6b292b6000 r-xp 00000000 ca:01 1977                       /lib/x86_64-linux-gnu/libnsl-2.23.so
7f6b292b6000-7f6b294b5000 ---p 00016000 ca:01 1977                       /lib/x86_64-linux-gnu/libnsl-2.23.so
7f6b294b5000-7f6b294b6000 r--p 00015000 ca:01 1977                       /lib/x86_64-linux-gnu/libnsl-2.23.so
7f6b294b6000-7f6b294b7000 rw-p 00016000 ca:01 1977                       /lib/x86_64-linux-gnu/libnsl-2.23.so
7f6b294b7000-7f6b294b9000 rw-p 00000000 00:00 0 
7f6b294b9000-7f6b294c1000 r-xp 00000000 ca:01 1988                       /lib/x86_64-linux-gnu/libnss_compat-2.23.so
7f6b294c1000-7f6b296c0000 ---p 00008000 ca:01 1988                       /lib/x86_64-linux-gnu/libnss_compat-2.23.so
7f6b296c0000-7f6b296c1000 r--p 00007000 ca:01 1988                       /lib/x86_64-linux-gnu/libnss_compat-2.23.so
7f6b296c1000-7f6b296c2000 rw-p 00008000 ca:01 1988                       /lib/x86_64-linux-gnu/libnss_compat-2.23.so
7f6b296c2000-7f6b296ef000 r-xp 00000000 ca:01 256919                     /usr/lib/jvm/java-8-openjdk-amd64/jre/lib/amd64/libjava.so
7f6b296ef000-7f6b298ee000 ---p 0002d000 ca:01 256919                     /usr/lib/jvm/java-8-openjdk-amd64/jre/lib/amd64/libjava.so
7f6b298ee000-7f6b298ef000 r--p 0002c000 ca:01 256919                     /usr/lib/jvm/java-8-openjdk-amd64/jre/lib/amd64/libjava.so
7f6b298ef000-7f6b298f1000 rw-p 0002d000 ca:01 256919                     /usr/lib/jvm/java-8-openjdk-amd64/jre/lib/amd64/libjava.so
7f6b298f1000-7f6b29900000 r-xp 00000000 ca:01 256907                     /usr/lib/jvm/java-8-openjdk-amd64/jre/lib/amd64/libverify.so
7f6b29900000-7f6b29aff000 ---p 0000f000 ca:01 256907                     /usr/lib/jvm/java-8-openjdk-amd64/jre/lib/amd64/libverify.so
7f6b29aff000-7f6b29b01000 r--p 0000e000 ca:01 256907                     /usr/lib/jvm/java-8-openjdk-amd64/jre/lib/amd64/libverify.so
7f6b29b01000-7f6b29b02000 rw-p 00010000 ca:01 256907                     /usr/lib/jvm/java-8-openjdk-amd64/jre/lib/amd64/libverify.so
7f6b29b02000-7f6b29b09000 r-xp 00000000 ca:01 1998                       /lib/x86_64-linux-gnu/librt-2.23.so
7f6b29b09000-7f6b29d08000 ---p 00007000 ca:01 1998                       /lib/x86_64-linux-gnu/librt-2.23.so
7f6b29d08000-7f6b29d09000 r--p 00006000 ca:01 1998                       /lib/x86_64-linux-gnu/librt-2.23.so
7f6b29d09000-7f6b29d0a000 rw-p 00007000 ca:01 1998                       /lib/x86_64-linux-gnu/librt-2.23.so
7f6b29d0a000-7f6b29d20000 r-xp 00000000 ca:01 1975                       /lib/x86_64-linux-gnu/libgcc_s.so.1
7f6b29d20000-7f6b29f1f000 ---p 00016000 ca:01 1975                       /lib/x86_64-linux-gnu/libgcc_s.so.1
7f6b29f1f000-7f6b29f20000 rw-p 00015000 ca:01 1975                       /lib/x86_64-linux-gnu/libgcc_s.so.1
7f6b29f20000-7f6b2a028000 r-xp 00000000 ca:01 1976                       /lib/x86_64-linux-gnu/libm-2.23.so
7f6b2a028000-7f6b2a227000 ---p 00108000 ca:01 1976                       /lib/x86_64-linux-gnu/libm-2.23.so
7f6b2a227000-7f6b2a228000 r--p 00107000 ca:01 1976                       /lib/x86_64-linux-gnu/libm-2.23.so
7f6b2a228000-7f6b2a229000 rw-p 00108000 ca:01 1976                       /lib/x86_64-linux-gnu/libm-2.23.so
7f6b2a229000-7f6b2a39b000 r-xp 00000000 ca:01 7979                       /usr/lib/x86_64-linux-gnu/libstdc++.so.6.0.21
7f6b2a39b000-7f6b2a59b000 ---p 00172000 ca:01 7979                       /usr/lib/x86_64-linux-gnu/libstdc++.so.6.0.21
7f6b2a59b000-7f6b2a5a5000 r--p 00172000 ca:01 7979                       /usr/lib/x86_64-linux-gnu/libstdc++.so.6.0.21
7f6b2a5a5000-7f6b2a5a7000 rw-p 0017c000 ca:01 7979                       /usr/lib/x86_64-linux-gnu/libstdc++.so.6.0.21
7f6b2a5a7000-7f6b2a5ab000 rw-p 00000000 00:00 0 
7f6b2a5ab000-7f6b2b208000 r-xp 00000000 ca:01 256884                     /usr/lib/jvm/java-8-openjdk-amd64/jre/lib/amd64/server/libjvm.so
7f6b2b208000-7f6b2b408000 ---p 00c5d000 ca:01 256884                     /usr/lib/jvm/java-8-openjdk-amd64/jre/lib/amd64/server/libjvm.so
7f6b2b408000-7f6b2b49c000 r--p 00c5d000 ca:01 256884                     /usr/lib/jvm/java-8-openjdk-amd64/jre/lib/amd64/server/libjvm.so
7f6b2b49c000-7f6b2b4c5000 rw-p 00cf1000 ca:01 256884                     /usr/lib/jvm/java-8-openjdk-amd64/jre/lib/amd64/server/libjvm.so
7f6b2b4c5000-7f6b2b4f5000 rw-p 00000000 00:00 0 
7f6b2b4f5000-7f6b2b50d000 r-xp 00000000 ca:01 1979                       /lib/x86_64-linux-gnu/libpthread-2.23.so
7f6b2b50d000-7f6b2b70c000 ---p 00018000 ca:01 1979                       /lib/x86_64-linux-gnu/libpthread-2.23.so
7f6b2b70c000-7f6b2b70d000 r--p 00017000 ca:01 1979                       /lib/x86_64-linux-gnu/libpthread-2.23.so
7f6b2b70d000-7f6b2b70e000 rw-p 00018000 ca:01 1979                       /lib/x86_64-linux-gnu/libpthread-2.23.so
7f6b2b70e000-7f6b2b712000 rw-p 00000000 00:00 0 
7f6b2b712000-7f6b2b715000 r-xp 00000000 ca:01 1982                       /lib/x86_64-linux-gnu/libdl-2.23.so
7f6b2b715000-7f6b2b914000 ---p 00003000 ca:01 1982                       /lib/x86_64-linux-gnu/libdl-2.23.so
7f6b2b914000-7f6b2b915000 r--p 00002000 ca:01 1982                       /lib/x86_64-linux-gnu/libdl-2.23.so
7f6b2b915000-7f6b2b916000 rw-p 00003000 ca:01 1982                       /lib/x86_64-linux-gnu/libdl-2.23.so
7f6b2b916000-7f6b2b92f000 r-xp 00000000 ca:01 2129                       /lib/x86_64-linux-gnu/libz.so.1.2.8
7f6b2b92f000-7f6b2bb2e000 ---p 00019000 ca:01 2129                       /lib/x86_64-linux-gnu/libz.so.1.2.8
7f6b2bb2e000-7f6b2bb2f000 r--p 00018000 ca:01 2129                       /lib/x86_64-linux-gnu/libz.so.1.2.8
7f6b2bb2f000-7f6b2bb30000 rw-p 00019000 ca:01 2129                       /lib/x86_64-linux-gnu/libz.so.1.2.8
7f6b2bb30000-7f6b2bcf0000 r-xp 00000000 ca:01 1980                       /lib/x86_64-linux-gnu/libc-2.23.so
7f6b2bcf0000-7f6b2bef0000 ---p 001c0000 ca:01 1980                       /lib/x86_64-linux-gnu/libc-2.23.so
7f6b2bef0000-7f6b2bef4000 r--p 001c0000 ca:01 1980                       /lib/x86_64-linux-gnu/libc-2.23.so
7f6b2bef4000-7f6b2bef6000 rw-p 001c4000 ca:01 1980                       /lib/x86_64-linux-gnu/libc-2.23.so
7f6b2bef6000-7f6b2befa000 rw-p 00000000 00:00 0 
7f6b2befa000-7f6b2bf07000 r-xp 00000000 ca:01 256904                     /usr/lib/jvm/java-8-openjdk-amd64/jre/lib/amd64/jli/libjli.so
7f6b2bf07000-7f6b2c107000 ---p 0000d000 ca:01 256904                     /usr/lib/jvm/java-8-openjdk-amd64/jre/lib/amd64/jli/libjli.so
7f6b2c107000-7f6b2c108000 r--p 0000d000 ca:01 256904                     /usr/lib/jvm/java-8-openjdk-amd64/jre/lib/amd64/jli/libjli.so
7f6b2c108000-7f6b2c109000 rw-p 0000e000 ca:01 256904                     /usr/lib/jvm/java-8-openjdk-amd64/jre/lib/amd64/jli/libjli.so
7f6b2c109000-7f6b2c12f000 r-xp 00000000 ca:01 1978                       /lib/x86_64-linux-gnu/ld-2.23.so
7f6b2c12f000-7f6b2c131000 r--s 0000f000 ca:01 261715                     /home/ubuntu/spark-2.1.1-bin-hadoop2.7/jars/curator-client-2.6.0.jar
7f6b2c131000-7f6b2c134000 r--s 0000f000 ca:01 256869                     /usr/lib/jvm/java-8-openjdk-amd64/jre/lib/ext/icedtea-sound.jar
7f6b2c134000-7f6b2c137000 r--s 00038000 ca:01 256872                     /usr/lib/jvm/java-8-openjdk-amd64/jre/lib/ext/sunpkcs11.jar
7f6b2c137000-7f6b2c13d000 r--s 0003b000 ca:01 256877                     /usr/lib/jvm/java-8-openjdk-amd64/jre/lib/ext/sunjce_provider.jar
7f6b2c13d000-7f6b2c147000 r--s 00116000 ca:01 256876                     /usr/lib/jvm/java-8-openjdk-amd64/jre/lib/ext/localedata.jar
7f6b2c147000-7f6b2c218000 rw-p 00000000 00:00 0 
7f6b2c218000-7f6b2c220000 rw-s 00000000 ca:01 546113                     /tmp/hsperfdata_ubuntu/9689
7f6b2c220000-7f6b2c223000 ---p 00000000 00:00 0 
7f6b2c223000-7f6b2c325000 rw-p 00000000 00:00 0 
7f6b2c325000-7f6b2c326000 r--s 00010000 ca:01 256874                     /usr/lib/jvm/java-8-openjdk-amd64/jre/lib/ext/zipfs.jar
7f6b2c326000-7f6b2c327000 r--s 0000a000 ca:01 256879                     /usr/lib/jvm/java-8-openjdk-amd64/jre/lib/ext/jaccess.jar
7f6b2c327000-7f6b2c329000 r--s 00001000 ca:01 256873                     /usr/lib/jvm/java-8-openjdk-amd64/jre/lib/ext/dnsns.jar
7f6b2c329000-7f6b2c32b000 r--s 00008000 ca:01 256878                     /usr/lib/jvm/java-8-openjdk-amd64/jre/lib/ext/sunec.jar
7f6b2c32b000-7f6b2c32c000 rw-p 00000000 00:00 0 
7f6b2c32c000-7f6b2c32d000 r--p 00000000 00:00 0 
7f6b2c32d000-7f6b2c32e000 rw-p 00000000 00:00 0 
7f6b2c32e000-7f6b2c32f000 r--p 00025000 ca:01 1978                       /lib/x86_64-linux-gnu/ld-2.23.so
7f6b2c32f000-7f6b2c330000 rw-p 00026000 ca:01 1978                       /lib/x86_64-linux-gnu/ld-2.23.so
7f6b2c330000-7f6b2c331000 rw-p 00000000 00:00 0 
7ffe825f7000-7ffe82618000 rw-p 00000000 00:00 0                          [stack]
7ffe8265f000-7ffe82662000 r--p 00000000 00:00 0                          [vvar]
7ffe82662000-7ffe82664000 r-xp 00000000 00:00 0                          [vdso]
ffffffffff600000-ffffffffff601000 r-xp 00000000 00:00 0                  [vsyscall]

VM Arguments:
jvm_args: -Xmx1g 
java_command: org.apache.spark.deploy.SparkSubmit --conf spark.app.name=is722_it4 pyspark-shell
java_class_path (initial): /home/ubuntu/spark-2.1.1-bin-hadoop2.7/conf/:/home/ubuntu/spark-2.1.1-bin-hadoop2.7/jars/libthrift-0.9.3.jar:/home/ubuntu/spark-2.1.1-bin-hadoop2.7/jars/curator-client-2.6.0.jar:/home/ubuntu/spark-2.1.1-bin-hadoop2.7/jars/hk2-api-2.4.0-b34.jar:/home/ubuntu/spark-2.1.1-bin-hadoop2.7/jars/metrics-json-3.1.2.jar:/home/ubuntu/spark-2.1.1-bin-hadoop2.7/jars/metrics-graphite-3.1.2.jar:/home/ubuntu/spark-2.1.1-bin-hadoop2.7/jars/spire_2.11-0.7.4.jar:/home/ubuntu/spark-2.1.1-bin-hadoop2.7/jars/commons-pool-1.5.4.jar:/home/ubuntu/spark-2.1.1-bin-hadoop2.7/jars/netty-all-4.0.42.Final.jar:/home/ubuntu/spark-2.1.1-bin-hadoop2.7/jars/commons-dbcp-1.4.jar:/home/ubuntu/spark-2.1.1-bin-hadoop2.7/jars/xbean-asm5-shaded-4.4.jar:/home/ubuntu/spark-2.1.1-bin-hadoop2.7/jars/xercesImpl-2.9.1.jar:/home/ubuntu/spark-2.1.1-bin-hadoop2.7/jars/hadoop-annotations-2.7.3.jar:/home/ubuntu/spark-2.1.1-bin-hadoop2.7/jars/javassist-3.18.1-GA.jar:/home/ubuntu/spark-2.1.1-bin-hadoop2.7/jars/jersey-container-servlet-2.22.2.jar:/home/ubuntu/spark-2.1.1-bin-hadoop2.7/jars/base64-2.3.8.jar:/home/ubuntu/spark-2.1.1-bin-hadoop2.7/jars/scalap-2.11.8.jar:/home/ubuntu/spark-2.1.1-bin-hadoop2.7/jars/super-csv-2.2.0.jar:/home/ubuntu/spark-2.1.1-bin-hadoop2.7/jars/jul-to-slf4j-1.7.16.jar:/home/ubuntu/spark-2.1.1-bin-hadoop2.7/jars/hadoop-mapreduce-client-shuffle-2.7.3.jar:/home/ubuntu/spark-2.1.1-bin-hadoop2.7/jars/libfb303-0.9.3.jar:/home/ubuntu/spark-2.1.1-bin-hadoop2.7/jars/jdo-api-3.0.1.jar:/home/ubuntu/spark-2.1.1-bin-hadoop2.7/jars/jersey-guava-2.22.2.jar:/home/ubuntu/spark-2.1.1-bin-hadoop2.7/jars/arpack_combined_all-0.1.jar:/home/ubuntu/spark-2.1.1-bin-hadoop2.7/jars/scala-parser-combinators_2.11-1.0.4.jar:/home/ubuntu/spark-2.1.1-bin-hadoop2.7/jars/chill_2.11-0.8.0.jar:/home/ubuntu/spark-2.1.1-bin-hadoop2.7/jars/javax.annotation-api-1.2.jar:/home/ubuntu/spark-2.1.1-bin-hadoop2.7/jars/joda-time-2.9.3.jar:/home/ubuntu/spark-2.1.1-bin-hadoop2.7/jars/antlr-runtime-3.4.jar:/home/u
Launcher Type: SUN_STANDARD

Environment Variables:
PATH=/home/ubuntu/.local/bin:/home/ubuntu/bin:/home/ubuntu/.local/bin:/usr/local/sbin:/usr/local/bin:/usr/sbin:/usr/bin:/sbin:/bin:/usr/games:/usr/local/games:/snap/bin
SHELL=/bin/bash

Signal Handlers:
SIGSEGV: [libjvm.so+0xa71a30], sa_mask[0]=11111111011111111101111111111110, sa_flags=SA_RESTART|SA_SIGINFO
SIGBUS: [libjvm.so+0xa71a30], sa_mask[0]=11111111011111111101111111111110, sa_flags=SA_RESTART|SA_SIGINFO
SIGFPE: [libjvm.so+0x8b8f40], sa_mask[0]=11111111011111111101111111111110, sa_flags=SA_RESTART|SA_SIGINFO
SIGPIPE: [libjvm.so+0x8b8f40], sa_mask[0]=11111111011111111101111111111110, sa_flags=SA_RESTART|SA_SIGINFO
SIGXFSZ: [libjvm.so+0x8b8f40], sa_mask[0]=11111111011111111101111111111110, sa_flags=SA_RESTART|SA_SIGINFO
SIGILL: [libjvm.so+0x8b8f40], sa_mask[0]=11111111011111111101111111111110, sa_flags=SA_RESTART|SA_SIGINFO
SIGUSR1: SIG_DFL, sa_mask[0]=00000000000000000000000000000000, sa_flags=none
SIGUSR2: [libjvm.so+0x8b8df0], sa_mask[0]=00000000000000000000000000000000, sa_flags=SA_RESTART|SA_SIGINFO
SIGHUP: [libjvm.so+0x8b92c0], sa_mask[0]=11111111011111111101111111111110, sa_flags=SA_RESTART|SA_SIGINFO
SIGINT: SIG_IGN, sa_mask[0]=00000000000000000000000000000000, sa_flags=none
SIGTERM: [libjvm.so+0x8b92c0], sa_mask[0]=11111111011111111101111111111110, sa_flags=SA_RESTART|SA_SIGINFO
SIGQUIT: [libjvm.so+0x8b92c0], sa_mask[0]=11111111011111111101111111111110, sa_flags=SA_RESTART|SA_SIGINFO


---------------  S Y S T E M  ---------------

OS:DISTRIB_ID=Ubuntu
DISTRIB_RELEASE=16.04
DISTRIB_CODENAME=xenial
DISTRIB_DESCRIPTION="Ubuntu 16.04.4 LTS"

uname:Linux 4.4.0-1069-aws #79-Ubuntu SMP Mon Sep 24 15:01:41 UTC 2018 x86_64
libc:glibc 2.23 NPTL 2.23 
rlimit: STACK 8192k, CORE 0k, NPROC 3900, NOFILE 1048576, AS infinity
load average:4.51 2.78 1.65

/proc/meminfo:
MemTotal:        1014500 kB
MemFree:           60364 kB
MemAvailable:          0 kB
Buffers:             156 kB
Cached:             8696 kB
SwapCached:            0 kB
Active:           894024 kB
Inactive:           5704 kB
Active(anon):     893716 kB
Inactive(anon):     4012 kB
Active(file):        308 kB
Inactive(file):     1692 kB
Unevictable:        3652 kB
Mlocked:            3652 kB
SwapTotal:             0 kB
SwapFree:              0 kB
Dirty:               108 kB
Writeback:             0 kB
AnonPages:        894592 kB
Mapped:             4092 kB
Shmem:              4364 kB
Slab:              28968 kB
SReclaimable:      13188 kB
SUnreclaim:        15780 kB
KernelStack:        3408 kB
PageTables:         6208 kB
NFS_Unstable:          0 kB
Bounce:                0 kB
WritebackTmp:          0 kB
CommitLimit:      507248 kB
Committed_AS:    1245792 kB
VmallocTotal:   34359738367 kB
VmallocUsed:           0 kB
VmallocChunk:          0 kB
HardwareCorrupted:     0 kB
AnonHugePages:    342016 kB
CmaTotal:              0 kB
CmaFree:               0 kB
HugePages_Total:       0
HugePages_Free:        0
HugePages_Rsvd:        0
HugePages_Surp:        0
Hugepagesize:       2048 kB
DirectMap4k:       40960 kB
DirectMap2M:     1007616 kB


CPU:total 1 (initial active 1) (1 cores per cpu, 1 threads per core) family 6 model 63 stepping 2, cmov, cx8, fxsr, mmx, sse, sse2, sse3, ssse3, sse4.1, sse4.2, popcnt, avx, avx2, aes, clmul, erms, lzcnt, tsc, bmi1, bmi2

/proc/cpuinfo:
processor	: 0
vendor_id	: GenuineIntel
cpu family	: 6
model		: 63
model name	: Intel(R) Xeon(R) CPU E5-2676 v3 @ 2.40GHz
stepping	: 2
microcode	: 0x3c
cpu MHz		: 2400.052
cache size	: 30720 KB
physical id	: 0
siblings	: 1
core id		: 0
cpu cores	: 1
apicid		: 0
initial apicid	: 0
fpu		: yes
fpu_exception	: yes
cpuid level	: 13
wp		: yes
flags		: fpu vme de pse tsc msr pae mce cx8 apic sep mtrr pge mca cmov pat pse36 clflush mmx fxsr sse sse2 ht syscall nx rdtscp lm constant_tsc rep_good nopl xtopology pni pclmulqdq ssse3 fma cx16 pcid sse4_1 sse4_2 x2apic movbe popcnt tsc_deadline_timer aes xsave avx f16c rdrand hypervisor lahf_lm abm invpcid_single kaiser fsgsbase bmi1 avx2 smep bmi2 erms invpcid xsaveopt
bugs		: cpu_meltdown spectre_v1 spectre_v2 spec_store_bypass l1tf
bogomips	: 4800.10
clflush size	: 64
cache_alignment	: 64
address sizes	: 46 bits physical, 48 bits virtual
power management:



Memory: 4k page, physical 1014500k(60232k free), swap 0k(0k free)

vm_info: OpenJDK 64-Bit Server VM (25.181-b13) for linux-amd64 JRE (1.8.0_181-8u181-b13-0ubuntu0.16.04.1-b13), built on Jul 30 2018 21:06:27 by "buildd" with gcc 5.4.0 20160609

time: Mon Oct 15 03:10:29 2018
elapsed time: 286 seconds (0d 0h 4m 46s)

